
16:42:53 | SessionID: h2sctevcg1bsdm4pfb1a27gh67 =\= Route requested(success):  	/Vibius/ | Route => function has been called.

16:42:55 | SessionID: h2sctevcg1bsdm4pfb1a27gh67 =\= Route requested(failure):  	/Vibius/afsfsafasfas | No route found =\= Debugger: No route was found!, /var/www/Vibius/Core/Router/Router.php at line 135

16:43:10 | SessionID: h2sctevcg1bsdm4pfb1a27gh67 =\= Route requested(failure):  	/Vibius/afsfsafasfas | No route found =\= Debugger: No route was found!, /var/www/Vibius/Core/Router/Router.php at line 135

16:45:21 | SessionID: h2sctevcg1bsdm4pfb1a27gh67 =\= Route requested(success):  	/Vibius/ | Route => function has been called.

16:45:21 | SessionID: h2sctevcg1bsdm4pfb1a27gh67 =\= Route requested(success):  	/Vibius/ | Route => function has been called.

16:47:17 | SessionID: h2sctevcg1bsdm4pfb1a27gh67 =\= Route requested(success):  	/Vibius/ | Route => function has been called.

16:47:40 | SessionID: h2sctevcg1bsdm4pfb1a27gh67 =\= Route requested(success):  	/Vibius/ | Route => function has been called.

16:47:41 | SessionID: h2sctevcg1bsdm4pfb1a27gh67 =\= Route requested(success):  	/Vibius/ | Route => function has been called.

16:47:43 | SessionID: h2sctevcg1bsdm4pfb1a27gh67 =\= Route requested(failure):  	/Vibius/saffas | No route found =\= Debugger: No route was found!, /var/www/Vibius/Core/Router/Router.php at line 135

16:49:20 | SessionID: h2sctevcg1bsdm4pfb1a27gh67 =\= Route requested(success):  	/Vibius/ | Route => function has been called. =\= Loading extension: myExtension

16:49:38 | SessionID: h2sctevcg1bsdm4pfb1a27gh67 =\= Route requested(failure):  	/Vibius/sdgsgd | No route found =\= Debugger: No route was found!, /var/www/Vibius/Core/Router/Router.php at line 135

16:57:01 | SessionID: h2sctevcg1bsdm4pfb1a27gh67 =\= Route requested(success):  	/Vibius/ | Route => function has been called. =\= Debugger: Class 'myFunction' not found, /var/www/Vibius/App/routes.php at line 27

16:57:02 | SessionID: h2sctevcg1bsdm4pfb1a27gh67 =\= Route requested(success):  	/Vibius/ | Route => function has been called. =\= Debugger: Class 'myFunction' not found, /var/www/Vibius/App/routes.php at line 27

16:57:02 | SessionID: h2sctevcg1bsdm4pfb1a27gh67 =\= Route requested(success):  	/Vibius/ | Route => function has been called. =\= Debugger: Class 'myFunction' not found, /var/www/Vibius/App/routes.php at line 27

16:57:02 | SessionID: h2sctevcg1bsdm4pfb1a27gh67 =\= Route requested(success):  	/Vibius/ | Route => function has been called. =\= Debugger: Class 'myFunction' not found, /var/www/Vibius/App/routes.php at line 27

16:57:02 | SessionID: h2sctevcg1bsdm4pfb1a27gh67 =\= Route requested(success):  	/Vibius/ | Route => function has been called. =\= Debugger: Class 'myFunction' not found, /var/www/Vibius/App/routes.php at line 27

16:57:02 | SessionID: h2sctevcg1bsdm4pfb1a27gh67 =\= Route requested(success):  	/Vibius/ | Route => function has been called. =\= Debugger: Class 'myFunction' not found, /var/www/Vibius/App/routes.php at line 27

16:57:03 | SessionID: h2sctevcg1bsdm4pfb1a27gh67 =\= Route requested(success):  	/Vibius/ | Route => function has been called. =\= Debugger: Class 'myFunction' not found, /var/www/Vibius/App/routes.php at line 27

16:57:05 | SessionID: h2sctevcg1bsdm4pfb1a27gh67 =\= Route requested(success):  	/Vibius/ | Route => function has been called. =\= Debugger: Class 'myFunction' not found, /var/www/Vibius/App/routes.php at line 27

16:57:05 | SessionID: h2sctevcg1bsdm4pfb1a27gh67 =\= Route requested(success):  	/Vibius/ | Route => function has been called. =\= Debugger: Class 'myFunction' not found, /var/www/Vibius/App/routes.php at line 27

16:57:05 | SessionID: h2sctevcg1bsdm4pfb1a27gh67 =\= Route requested(success):  	/Vibius/ | Route => function has been called. =\= Debugger: Class 'myFunction' not found, /var/www/Vibius/App/routes.php at line 27

16:57:06 | SessionID: h2sctevcg1bsdm4pfb1a27gh67 =\= Route requested(success):  	/Vibius/ | Route => function has been called. =\= Debugger: Class 'myFunction' not found, /var/www/Vibius/App/routes.php at line 27

16:57:18 | SessionID: h2sctevcg1bsdm4pfb1a27gh67 =\= Route requested(success):  	/Vibius/ | Route => function has been called. =\= Loading extension: myFunction =\= Debugger: require(): Failed opening required '../App/Extensions/myFunction.php' (include_path='.:/usr/share/php:/usr/share/pear'), /var/www/Vibius/Core/FrameworkLoader.php at line 19

16:57:18 | SessionID: h2sctevcg1bsdm4pfb1a27gh67 =\= Route requested(success):  	/Vibius/ | Route => function has been called. =\= Loading extension: myFunction =\= Debugger: require(): Failed opening required '../App/Extensions/myFunction.php' (include_path='.:/usr/share/php:/usr/share/pear'), /var/www/Vibius/Core/FrameworkLoader.php at line 19

16:57:19 | SessionID: h2sctevcg1bsdm4pfb1a27gh67 =\= Route requested(success):  	/Vibius/ | Route => function has been called. =\= Loading extension: myFunction =\= Debugger: require(): Failed opening required '../App/Extensions/myFunction.php' (include_path='.:/usr/share/php:/usr/share/pear'), /var/www/Vibius/Core/FrameworkLoader.php at line 19

16:57:21 | SessionID: h2sctevcg1bsdm4pfb1a27gh67 =\= Route requested(success):  	/Vibius/ | Route => function has been called. =\= Loading extension: myFunction =\= Debugger: require(): Failed opening required '../App/Extensions/myFunction.php' (include_path='.:/usr/share/php:/usr/share/pear'), /var/www/Vibius/Core/FrameworkLoader.php at line 19

16:57:22 | SessionID: h2sctevcg1bsdm4pfb1a27gh67 =\= Route requested(success):  	/Vibius/ | Route => function has been called. =\= Loading extension: myFunction =\= Debugger: require(): Failed opening required '../App/Extensions/myFunction.php' (include_path='.:/usr/share/php:/usr/share/pear'), /var/www/Vibius/Core/FrameworkLoader.php at line 19

16:57:22 | SessionID: h2sctevcg1bsdm4pfb1a27gh67 =\= Route requested(success):  	/Vibius/ | Route => function has been called. =\= Loading extension: myFunction =\= Debugger: require(): Failed opening required '../App/Extensions/myFunction.php' (include_path='.:/usr/share/php:/usr/share/pear'), /var/www/Vibius/Core/FrameworkLoader.php at line 19

16:57:22 | SessionID: h2sctevcg1bsdm4pfb1a27gh67 =\= Route requested(success):  	/Vibius/ | Route => function has been called. =\= Loading extension: myFunction =\= Debugger: require(): Failed opening required '../App/Extensions/myFunction.php' (include_path='.:/usr/share/php:/usr/share/pear'), /var/www/Vibius/Core/FrameworkLoader.php at line 19

16:57:22 | SessionID: h2sctevcg1bsdm4pfb1a27gh67 =\= Route requested(success):  	/Vibius/ | Route => function has been called. =\= Loading extension: myFunction =\= Debugger: require(): Failed opening required '../App/Extensions/myFunction.php' (include_path='.:/usr/share/php:/usr/share/pear'), /var/www/Vibius/Core/FrameworkLoader.php at line 19

16:57:22 | SessionID: h2sctevcg1bsdm4pfb1a27gh67 =\= Route requested(success):  	/Vibius/ | Route => function has been called. =\= Loading extension: myFunction =\= Debugger: require(): Failed opening required '../App/Extensions/myFunction.php' (include_path='.:/usr/share/php:/usr/share/pear'), /var/www/Vibius/Core/FrameworkLoader.php at line 19

16:57:22 | SessionID: h2sctevcg1bsdm4pfb1a27gh67 =\= Route requested(success):  	/Vibius/ | Route => function has been called. =\= Loading extension: myFunction =\= Debugger: require(): Failed opening required '../App/Extensions/myFunction.php' (include_path='.:/usr/share/php:/usr/share/pear'), /var/www/Vibius/Core/FrameworkLoader.php at line 19

16:57:31 | SessionID: h2sctevcg1bsdm4pfb1a27gh67 =\= Route requested(success):  	/Vibius/ | Route => function has been called. =\= Loading extension: myFunction =\= Debugger: require(): Failed opening required '../App/Extensions/myFunction.php' (include_path='.:/usr/share/php:/usr/share/pear'), /var/www/Vibius/Core/FrameworkLoader.php at line 19

16:57:31 | SessionID: h2sctevcg1bsdm4pfb1a27gh67 =\= Route requested(success):  	/Vibius/ | Route => function has been called. =\= Loading extension: myFunction =\= Debugger: require(): Failed opening required '../App/Extensions/myFunction.php' (include_path='.:/usr/share/php:/usr/share/pear'), /var/www/Vibius/Core/FrameworkLoader.php at line 19

16:57:32 | SessionID: h2sctevcg1bsdm4pfb1a27gh67 =\= Route requested(success):  	/Vibius/ | Route => function has been called. =\= Loading extension: myFunction =\= Debugger: require(): Failed opening required '../App/Extensions/myFunction.php' (include_path='.:/usr/share/php:/usr/share/pear'), /var/www/Vibius/Core/FrameworkLoader.php at line 19

16:57:32 | SessionID: h2sctevcg1bsdm4pfb1a27gh67 =\= Route requested(success):  	/Vibius/ | Route => function has been called. =\= Loading extension: myFunction =\= Debugger: require(): Failed opening required '../App/Extensions/myFunction.php' (include_path='.:/usr/share/php:/usr/share/pear'), /var/www/Vibius/Core/FrameworkLoader.php at line 19

16:57:32 | SessionID: h2sctevcg1bsdm4pfb1a27gh67 =\= Route requested(success):  	/Vibius/ | Route => function has been called. =\= Loading extension: myFunction =\= Debugger: require(): Failed opening required '../App/Extensions/myFunction.php' (include_path='.:/usr/share/php:/usr/share/pear'), /var/www/Vibius/Core/FrameworkLoader.php at line 19

16:57:32 | SessionID: h2sctevcg1bsdm4pfb1a27gh67 =\= Route requested(success):  	/Vibius/ | Route => function has been called. =\= Loading extension: myFunction =\= Debugger: require(): Failed opening required '../App/Extensions/myFunction.php' (include_path='.:/usr/share/php:/usr/share/pear'), /var/www/Vibius/Core/FrameworkLoader.php at line 19

16:57:50 | SessionID: h2sctevcg1bsdm4pfb1a27gh67 =\= Route requested(success):  	/Vibius/ | Route => function has been called. =\= Loading extension: myExtension

17:02:20 | SessionID: h2sctevcg1bsdm4pfb1a27gh67 =\= Route requested(success):  	/Vibius/ | Route => function has been called. =\= Loading extension: myExtension

17:02:21 | SessionID: h2sctevcg1bsdm4pfb1a27gh67 =\= Route requested(success):  	/Vibius/ | Route => function has been called. =\= Loading extension: myExtension

17:02:21 | SessionID: h2sctevcg1bsdm4pfb1a27gh67 =\= Route requested(success):  	/Vibius/ | Route => function has been called. =\= Loading extension: myExtension

17:10:39 | SessionID: h2sctevcg1bsdm4pfb1a27gh67 =\= Route requested(failure):  	/Vibius/asfassaf | No route found =\= Debugger: No route was found!, /var/www/Vibius/Core/Router/Router.php at line 135

17:14:10 | SessionID: h2sctevcg1bsdm4pfb1a27gh67 =\= Route requested(failure):  	/Vibius/asfassaf | No route found =\= Debugger: No route was found!, /var/www/Vibius/Core/Router/Router.php at line 135

17:14:11 | SessionID: h2sctevcg1bsdm4pfb1a27gh67 =\= Route requested(failure):  	/Vibius/asfassaf | No route found =\= Debugger: No route was found!, /var/www/Vibius/Core/Router/Router.php at line 135

17:14:12 | SessionID: h2sctevcg1bsdm4pfb1a27gh67 =\= Route requested(failure):  	/Vibius/asfassaf | No route found =\= Debugger: No route was found!, /var/www/Vibius/Core/Router/Router.php at line 135

17:14:12 | SessionID: h2sctevcg1bsdm4pfb1a27gh67 =\= Route requested(failure):  	/Vibius/asfassaf | No route found =\= Debugger: No route was found!, /var/www/Vibius/Core/Router/Router.php at line 135

17:14:13 | SessionID: h2sctevcg1bsdm4pfb1a27gh67 =\= Route requested(failure):  	/Vibius/asfassaf | No route found =\= Debugger: No route was found!, /var/www/Vibius/Core/Router/Router.php at line 135

17:15:00 | SessionID: h2sctevcg1bsdm4pfb1a27gh67 =\= Route requested(failure):  	/Vibius/asfassaf | No route found =\= Debugger: No route was found!, /var/www/Vibius/Core/Router/Router.php at line 135

17:15:42 | SessionID: h2sctevcg1bsdm4pfb1a27gh67 =\= Route requested(failure):  	/Vibius/asfassaf | No route found =\= Debugger: No route was found!, /var/www/Vibius/Core/Router/Router.php at line 135

17:18:45 | SessionID: h2sctevcg1bsdm4pfb1a27gh67 =\= Route requested(failure):  	/Vibius/asfassaf | No route found =\= Debugger: No route was found!, /var/www/Vibius/Core/Router/Router.php at line 135 =\= Loading extension: myExtension

17:18:54 | SessionID: h2sctevcg1bsdm4pfb1a27gh67 =\= Route requested(failure):  	/Vibius/asfassaf | No route found =\= Debugger: No route was found!, /var/www/Vibius/Core/Router/Router.php at line 135 =\= Loading extension: myExtension

17:18:55 | SessionID: h2sctevcg1bsdm4pfb1a27gh67 =\= Route requested(failure):  	/Vibius/asfassaf | No route found =\= Debugger: No route was found!, /var/www/Vibius/Core/Router/Router.php at line 135 =\= Loading extension: myExtension

17:19:03 | SessionID: h2sctevcg1bsdm4pfb1a27gh67 =\= Route requested(failure):  	/Vibius/asfassaf | No route found =\= Debugger: No route was found!, /var/www/Vibius/Core/Router/Router.php at line 135 =\= Loading extension: myExtension

17:21:43 | SessionID: h2sctevcg1bsdm4pfb1a27gh67 =\= Route requested(failure):  	/Vibius/asfassaf | No route found =\= Debugger: No route was found!, /var/www/Vibius/Core/Router/Router.php at line 135

17:21:44 | SessionID: h2sctevcg1bsdm4pfb1a27gh67 =\= Route requested(failure):  	/Vibius/asfassaf | No route found =\= Debugger: No route was found!, /var/www/Vibius/Core/Router/Router.php at line 135

17:21:44 | SessionID: h2sctevcg1bsdm4pfb1a27gh67 =\= Route requested(failure):  	/Vibius/asfassaf | No route found =\= Debugger: No route was found!, /var/www/Vibius/Core/Router/Router.php at line 135

17:21:44 | SessionID: h2sctevcg1bsdm4pfb1a27gh67 =\= Route requested(failure):  	/Vibius/asfassaf | No route found =\= Debugger: No route was found!, /var/www/Vibius/Core/Router/Router.php at line 135

17:21:55 | SessionID: h2sctevcg1bsdm4pfb1a27gh67 =\= Route requested(failure):  	/Vibius/asfassaf | No route found =\= Debugger: No route was found!, /var/www/Vibius/Core/Router/Router.php at line 135

17:21:56 | SessionID: h2sctevcg1bsdm4pfb1a27gh67 =\= Route requested(failure):  	/Vibius/asfassaf | No route found =\= Debugger: No route was found!, /var/www/Vibius/Core/Router/Router.php at line 135

17:22:22 | SessionID: h2sctevcg1bsdm4pfb1a27gh67 =\= Route requested(failure):  	/Vibius/asfassaf | No route found =\= Debugger: No route was found!, /var/www/Vibius/Core/Router/Router.php at line 135

17:22:23 | SessionID: h2sctevcg1bsdm4pfb1a27gh67 =\= Route requested(failure):  	/Vibius/asfassaf | No route found =\= Debugger: No route was found!, /var/www/Vibius/Core/Router/Router.php at line 135

17:22:23 | SessionID: h2sctevcg1bsdm4pfb1a27gh67 =\= Route requested(failure):  	/Vibius/asfassaf | No route found =\= Debugger: No route was found!, /var/www/Vibius/Core/Router/Router.php at line 135

17:22:23 | SessionID: h2sctevcg1bsdm4pfb1a27gh67 =\= Route requested(failure):  	/Vibius/asfassaf | No route found =\= Debugger: No route was found!, /var/www/Vibius/Core/Router/Router.php at line 135

17:22:23 | SessionID: h2sctevcg1bsdm4pfb1a27gh67 =\= Route requested(failure):  	/Vibius/asfassaf | No route found =\= Debugger: No route was found!, /var/www/Vibius/Core/Router/Router.php at line 135

17:22:23 | SessionID: h2sctevcg1bsdm4pfb1a27gh67 =\= Route requested(failure):  	/Vibius/asfassaf | No route found =\= Debugger: No route was found!, /var/www/Vibius/Core/Router/Router.php at line 135

17:22:23 | SessionID: h2sctevcg1bsdm4pfb1a27gh67 =\= Route requested(failure):  	/Vibius/asfassaf | No route found =\= Debugger: No route was found!, /var/www/Vibius/Core/Router/Router.php at line 135

17:22:42 | SessionID: h2sctevcg1bsdm4pfb1a27gh67 =\= Route requested(success):  	/Vibius/ | Route => function has been called.

20:41:39 | SessionID: h2sctevcg1bsdm4pfb1a27gh67 =\= Route requested(success):  	/Vibius/ | Route => function has been called.

20:41:41 | SessionID: h2sctevcg1bsdm4pfb1a27gh67 =\= Route requested(failure):  	/Vibius/asffsa | No route found =\= Debugger: No route was found!, /var/www/Vibius/Core/Router/Router.php at line 139

20:42:10 | SessionID: h2sctevcg1bsdm4pfb1a27gh67 =\= Route requested(success):  	/Vibius/profile/5 | Route => function has been called.

20:42:55 | SessionID: h2sctevcg1bsdm4pfb1a27gh67 =\= Route requested(failure):  	/Vibius/profile/5 | No route found =\= Debugger: No route was found!, /var/www/Vibius/Core/Router/Router.php at line 139

20:42:57 | SessionID: h2sctevcg1bsdm4pfb1a27gh67 =\= Route requested(success):  	/Vibius/profile | Route => function has been called.

20:43:00 | SessionID: h2sctevcg1bsdm4pfb1a27gh67 =\= Route requested(failure):  	/Vibius/profile/9 | No route found =\= Debugger: No route was found!, /var/www/Vibius/Core/Router/Router.php at line 139

20:43:10 | SessionID: h2sctevcg1bsdm4pfb1a27gh67 =\= Route requested(success):  	/Vibius/profile/9 | Route => function has been called.

20:43:11 | SessionID: h2sctevcg1bsdm4pfb1a27gh67 =\= Route requested(success):  	/Vibius/profile/9 | Route => function has been called.

20:43:11 | SessionID: h2sctevcg1bsdm4pfb1a27gh67 =\= Route requested(success):  	/Vibius/profile/9 | Route => function has been called.

20:43:11 | SessionID: h2sctevcg1bsdm4pfb1a27gh67 =\= Route requested(success):  	/Vibius/profile/9 | Route => function has been called.

20:43:14 | SessionID: h2sctevcg1bsdm4pfb1a27gh67 =\= Route requested(success):  	/Vibius/ | Route => function has been called.

20:44:18 | SessionID: h2sctevcg1bsdm4pfb1a27gh67 =\= Route requested(success):  	/Vibius/ | Route => function has been called.

20:50:12 | SessionID: h2sctevcg1bsdm4pfb1a27gh67 =\= Route requested(success):  	/Vibius/ | Route => function has been called.

20:50:17 | SessionID: h2sctevcg1bsdm4pfb1a27gh67 =\= Route requested(failure):  	/Vibius/asffsa | No route found =\= Debugger: No route was found!, /var/www/Vibius/Core/Router/Router.php at line 142

20:50:36 | SessionID: h2sctevcg1bsdm4pfb1a27gh67 =\= Route requested(failure):  	/Vibius/profile/8 | No route found =\= Debugger: No route was found!, /var/www/Vibius/Core/Router/Router.php at line 142

20:50:48 | SessionID: h2sctevcg1bsdm4pfb1a27gh67 =\= Route requested(success):  	/Vibius/profile/8 | Route => function has been called.

20:50:54 | SessionID: h2sctevcg1bsdm4pfb1a27gh67 =\= Route requested(failure):  	/Vibius/profile/8 | No route found =\= Debugger: No route was found!, /var/www/Vibius/Core/Router/Router.php at line 142

20:51:03 | SessionID: h2sctevcg1bsdm4pfb1a27gh67 =\= Route requested(failure):  	/Vibius/profile/8 | No route found =\= Debugger: No route was found!, /var/www/Vibius/Core/Router/Router.php at line 142

20:51:14 | SessionID: h2sctevcg1bsdm4pfb1a27gh67 =\= Route requested(success):  	/Vibius/profile/8 | Route => function has been called.

20:51:31 | SessionID: h2sctevcg1bsdm4pfb1a27gh67 =\= Route requested(success):  	/Vibius/profile/8 | Route => function has been called.

20:51:32 | SessionID: h2sctevcg1bsdm4pfb1a27gh67 =\= Route requested(success):  	/Vibius/profile/8 | Route => function has been called.

20:51:32 | SessionID: h2sctevcg1bsdm4pfb1a27gh67 =\= Route requested(success):  	/Vibius/profile/8 | Route => function has been called.

20:51:36 | SessionID: h2sctevcg1bsdm4pfb1a27gh67

20:51:43 | SessionID: h2sctevcg1bsdm4pfb1a27gh67 =\= Route requested(failure):  	/Vibius/profile/8 | No route found =\= Debugger: No route was found!, /var/www/Vibius/Core/Router/Router.php at line 143

20:52:01 | SessionID: h2sctevcg1bsdm4pfb1a27gh67 =\= Route requested(success):  	/Vibius/profile/8 | Route => function has been called.

20:52:37 | SessionID: h2sctevcg1bsdm4pfb1a27gh67 =\= Route requested(success):  	/Vibius/profile/8 | Route => function has been called.

20:54:24 | SessionID: h2sctevcg1bsdm4pfb1a27gh67 =\= Route requested(success):  	/Vibius/profile/8 | Route => function has been called.
