
10:02:19 | SessionID: tsscsq9es283r44icuqqlcfqk3 =\= Route requested(success):  	/Vibius/ | Route => function has been called.

10:02:41 | SessionID: tsscsq9es283r44icuqqlcfqk3 =\= Route requested(success):  	/Vibius/ | Route => function has been called.

10:02:49 | SessionID: tsscsq9es283r44icuqqlcfqk3 =\= Route requested(success):  	/Vibius/profile/8 | Route => function has been called.

10:02:52 | SessionID: tsscsq9es283r44icuqqlcfqk3 =\= Route requested(success):  	/Vibius/profile/3 | Route => function has been called.

10:03:07 | SessionID: tsscsq9es283r44icuqqlcfqk3 =\= Route requested(success):  	/Vibius/profile/3 | Route => function has been called.

10:03:08 | SessionID: tsscsq9es283r44icuqqlcfqk3 =\= Route requested(success):  	/Vibius/profile/3 | Route => function has been called.

10:03:08 | SessionID: tsscsq9es283r44icuqqlcfqk3 =\= Route requested(success):  	/Vibius/profile/3 | Route => function has been called.

10:03:08 | SessionID: tsscsq9es283r44icuqqlcfqk3 =\= Route requested(success):  	/Vibius/profile/3 | Route => function has been called.

10:03:08 | SessionID: tsscsq9es283r44icuqqlcfqk3 =\= Route requested(success):  	/Vibius/profile/3 | Route => function has been called.

10:06:40 | SessionID: tsscsq9es283r44icuqqlcfqk3 =\= Route requested(success):  	/Vibius/profile/3 | Route => function has been called.

13:11:06 | SessionID: tsscsq9es283r44icuqqlcfqk3 =\= Route requested(success):  	/Vibius/profile/3 | Route => function has been called.

13:11:07 | SessionID: tsscsq9es283r44icuqqlcfqk3 =\= Route requested(success):  	/Vibius/profile/3 | Route => function has been called.

13:11:07 | SessionID: tsscsq9es283r44icuqqlcfqk3 =\= Route requested(success):  	/Vibius/profile/3 | Route => function has been called.

13:11:07 | SessionID: tsscsq9es283r44icuqqlcfqk3 =\= Route requested(success):  	/Vibius/profile/3 | Route => function has been called.

13:11:08 | SessionID: tsscsq9es283r44icuqqlcfqk3 =\= Route requested(success):  	/Vibius/profile/3 | Route => function has been called.

13:12:35 | SessionID: tsscsq9es283r44icuqqlcfqk3 =\= Route requested(success):  	/Vibius/profile/3 | Route => function has been called.

13:21:32 | SessionID: tsscsq9es283r44icuqqlcfqk3 =\= Route requested(failure):  	/Vibius/pr | No route found =\= Debugger: No route was found!, /var/www/Vibius/Core/Router/Router.php at line 139

13:21:38 | SessionID: tsscsq9es283r44icuqqlcfqk3 =\= Route requested(success):  	/Vibius/test | Route => function has been called.

13:30:11 | SessionID: tsscsq9es283r44icuqqlcfqk3 =\= Route requested(success):  	/Vibius/test | Route => function has been called.

13:30:12 | SessionID: tsscsq9es283r44icuqqlcfqk3 =\= Route requested(success):  	/Vibius/test | Route => function has been called.

13:30:12 | SessionID: tsscsq9es283r44icuqqlcfqk3 =\= Route requested(success):  	/Vibius/test | Route => function has been called.

13:33:27 | SessionID: tsscsq9es283r44icuqqlcfqk3 =\= Route requested(success):  	/Vibius/test | Route => function has been called.

13:35:03 | SessionID: tsscsq9es283r44icuqqlcfqk3 =\= Route requested(success):  	/Vibius/test | Route => function has been called.

13:35:03 | SessionID: tsscsq9es283r44icuqqlcfqk3 =\= Route requested(success):  	/Vibius/test | Route => function has been called.

13:35:03 | SessionID: tsscsq9es283r44icuqqlcfqk3 =\= Route requested(success):  	/Vibius/test | Route => function has been called.

13:35:08 | SessionID: tsscsq9es283r44icuqqlcfqk3 =\= Route requested(success):  	/Vibius/test | Route => function has been called. =\= Debugger: hash(): Unknown hashing algorithm: sha16, /var/www/Vibius/App/routes.php at line 25

13:35:08 | SessionID: tsscsq9es283r44icuqqlcfqk3 =\= Route requested(success):  	/Vibius/test | Route => function has been called. =\= Debugger: hash(): Unknown hashing algorithm: sha16, /var/www/Vibius/App/routes.php at line 25

13:35:12 | SessionID: tsscsq9es283r44icuqqlcfqk3 =\= Route requested(success):  	/Vibius/test | Route => function has been called.

13:37:48 | SessionID: tsscsq9es283r44icuqqlcfqk3 =\= Route requested(success):  	/Vibius/test | Route => function has been called.

13:37:48 | SessionID: tsscsq9es283r44icuqqlcfqk3 =\= Route requested(success):  	/Vibius/test | Route => function has been called.

13:37:48 | SessionID: tsscsq9es283r44icuqqlcfqk3 =\= Route requested(success):  	/Vibius/test | Route => function has been called.

13:37:49 | SessionID: tsscsq9es283r44icuqqlcfqk3 =\= Route requested(success):  	/Vibius/test | Route => function has been called.

13:37:55 | SessionID: tsscsq9es283r44icuqqlcfqk3 =\= Route requested(success):  	/Vibius/test | Route => function has been called. =\= Debugger: hash(): Unknown hashing algorithm: sha2, /var/www/Vibius/App/routes.php at line 25

13:37:58 | SessionID: tsscsq9es283r44icuqqlcfqk3 =\= Route requested(success):  	/Vibius/test | Route => function has been called.

13:37:58 | SessionID: tsscsq9es283r44icuqqlcfqk3 =\= Route requested(success):  	/Vibius/test | Route => function has been called.

13:37:59 | SessionID: tsscsq9es283r44icuqqlcfqk3 =\= Route requested(success):  	/Vibius/test | Route => function has been called.

13:37:59 | SessionID: tsscsq9es283r44icuqqlcfqk3 =\= Route requested(success):  	/Vibius/test | Route => function has been called.

13:37:59 | SessionID: tsscsq9es283r44icuqqlcfqk3 =\= Route requested(success):  	/Vibius/test | Route => function has been called.

13:37:59 | SessionID: tsscsq9es283r44icuqqlcfqk3 =\= Route requested(success):  	/Vibius/test | Route => function has been called.

13:37:59 | SessionID: tsscsq9es283r44icuqqlcfqk3 =\= Route requested(success):  	/Vibius/test | Route => function has been called.

13:37:59 | SessionID: tsscsq9es283r44icuqqlcfqk3 =\= Route requested(success):  	/Vibius/test | Route => function has been called.

13:37:59 | SessionID: tsscsq9es283r44icuqqlcfqk3 =\= Route requested(success):  	/Vibius/test | Route => function has been called.

13:38:00 | SessionID: tsscsq9es283r44icuqqlcfqk3 =\= Route requested(success):  	/Vibius/test | Route => function has been called.

13:38:00 | SessionID: tsscsq9es283r44icuqqlcfqk3 =\= Route requested(success):  	/Vibius/test | Route => function has been called.

13:38:00 | SessionID: tsscsq9es283r44icuqqlcfqk3 =\= Route requested(success):  	/Vibius/test | Route => function has been called.

13:38:00 | SessionID: tsscsq9es283r44icuqqlcfqk3 =\= Route requested(success):  	/Vibius/test | Route => function has been called.

13:38:00 | SessionID: tsscsq9es283r44icuqqlcfqk3 =\= Route requested(success):  	/Vibius/test | Route => function has been called.

13:38:00 | SessionID: tsscsq9es283r44icuqqlcfqk3 =\= Route requested(success):  	/Vibius/test | Route => function has been called.

13:38:00 | SessionID: tsscsq9es283r44icuqqlcfqk3 =\= Route requested(success):  	/Vibius/test | Route => function has been called.

13:38:00 | SessionID: tsscsq9es283r44icuqqlcfqk3 =\= Route requested(success):  	/Vibius/test | Route => function has been called.

13:38:00 | SessionID: tsscsq9es283r44icuqqlcfqk3 =\= Route requested(success):  	/Vibius/test | Route => function has been called.

13:38:00 | SessionID: tsscsq9es283r44icuqqlcfqk3 =\= Route requested(success):  	/Vibius/test | Route => function has been called.

13:38:00 | SessionID: tsscsq9es283r44icuqqlcfqk3 =\= Route requested(success):  	/Vibius/test | Route => function has been called.

13:38:00 | SessionID: tsscsq9es283r44icuqqlcfqk3 =\= Route requested(success):  	/Vibius/test | Route => function has been called.

13:38:00 | SessionID: tsscsq9es283r44icuqqlcfqk3 =\= Route requested(success):  	/Vibius/test | Route => function has been called.

13:38:00 | SessionID: tsscsq9es283r44icuqqlcfqk3 =\= Route requested(success):  	/Vibius/test | Route => function has been called.

13:38:00 | SessionID: tsscsq9es283r44icuqqlcfqk3 =\= Route requested(success):  	/Vibius/test | Route => function has been called.

13:38:01 | SessionID: tsscsq9es283r44icuqqlcfqk3 =\= Route requested(success):  	/Vibius/test | Route => function has been called.

13:38:01 | SessionID: tsscsq9es283r44icuqqlcfqk3 =\= Route requested(success):  	/Vibius/test | Route => function has been called.

13:38:01 | SessionID: tsscsq9es283r44icuqqlcfqk3 =\= Route requested(success):  	/Vibius/test | Route => function has been called.

13:38:02 | SessionID: tsscsq9es283r44icuqqlcfqk3 =\= Route requested(success):  	/Vibius/test | Route => function has been called.

13:38:02 | SessionID: tsscsq9es283r44icuqqlcfqk3 =\= Route requested(success):  	/Vibius/test | Route => function has been called.

13:38:02 | SessionID: tsscsq9es283r44icuqqlcfqk3 =\= Route requested(success):  	/Vibius/test | Route => function has been called.

13:38:02 | SessionID: tsscsq9es283r44icuqqlcfqk3 =\= Route requested(success):  	/Vibius/test | Route => function has been called.

13:38:04 | SessionID: tsscsq9es283r44icuqqlcfqk3 =\= Route requested(success):  	/Vibius/test | Route => function has been called.

13:38:04 | SessionID: tsscsq9es283r44icuqqlcfqk3 =\= Route requested(success):  	/Vibius/test | Route => function has been called.

13:38:05 | SessionID: tsscsq9es283r44icuqqlcfqk3 =\= Route requested(success):  	/Vibius/test | Route => function has been called.

13:38:05 | SessionID: tsscsq9es283r44icuqqlcfqk3 =\= Route requested(success):  	/Vibius/test | Route => function has been called.

13:38:05 | SessionID: tsscsq9es283r44icuqqlcfqk3 =\= Route requested(success):  	/Vibius/test | Route => function has been called.

13:38:05 | SessionID: tsscsq9es283r44icuqqlcfqk3 =\= Route requested(success):  	/Vibius/test | Route => function has been called.

13:38:05 | SessionID: tsscsq9es283r44icuqqlcfqk3 =\= Route requested(success):  	/Vibius/test | Route => function has been called.

13:38:05 | SessionID: tsscsq9es283r44icuqqlcfqk3 =\= Route requested(success):  	/Vibius/test | Route => function has been called.

13:38:06 | SessionID: tsscsq9es283r44icuqqlcfqk3 =\= Route requested(success):  	/Vibius/test | Route => function has been called.

13:38:06 | SessionID: tsscsq9es283r44icuqqlcfqk3 =\= Route requested(success):  	/Vibius/test | Route => function has been called.

13:38:06 | SessionID: tsscsq9es283r44icuqqlcfqk3 =\= Route requested(success):  	/Vibius/test | Route => function has been called.

13:38:06 | SessionID: tsscsq9es283r44icuqqlcfqk3 =\= Route requested(success):  	/Vibius/test | Route => function has been called.

13:38:07 | SessionID: tsscsq9es283r44icuqqlcfqk3 =\= Route requested(success):  	/Vibius/test | Route => function has been called.

13:38:09 | SessionID: tsscsq9es283r44icuqqlcfqk3 =\= Route requested(success):  	/Vibius/test | Route => function has been called.

13:38:11 | SessionID: tsscsq9es283r44icuqqlcfqk3 =\= Route requested(success):  	/Vibius/test | Route => function has been called.

13:38:12 | SessionID: tsscsq9es283r44icuqqlcfqk3 =\= Route requested(success):  	/Vibius/test | Route => function has been called.

13:38:26 | SessionID: tsscsq9es283r44icuqqlcfqk3 =\= Route requested(success):  	/Vibius/test | Route => function has been called.

13:38:26 | SessionID: tsscsq9es283r44icuqqlcfqk3 =\= Route requested(success):  	/Vibius/test | Route => function has been called.

13:38:27 | SessionID: tsscsq9es283r44icuqqlcfqk3 =\= Route requested(success):  	/Vibius/test | Route => function has been called.

13:38:27 | SessionID: tsscsq9es283r44icuqqlcfqk3 =\= Route requested(success):  	/Vibius/test | Route => function has been called.

13:38:27 | SessionID: tsscsq9es283r44icuqqlcfqk3 =\= Route requested(success):  	/Vibius/test | Route => function has been called.

13:38:27 | SessionID: tsscsq9es283r44icuqqlcfqk3 =\= Route requested(success):  	/Vibius/test | Route => function has been called.

13:38:27 | SessionID: tsscsq9es283r44icuqqlcfqk3 =\= Route requested(success):  	/Vibius/test | Route => function has been called.

13:38:27 | SessionID: tsscsq9es283r44icuqqlcfqk3 =\= Route requested(success):  	/Vibius/test | Route => function has been called.

13:38:28 | SessionID: tsscsq9es283r44icuqqlcfqk3 =\= Route requested(success):  	/Vibius/test | Route => function has been called.

13:38:28 | SessionID: tsscsq9es283r44icuqqlcfqk3 =\= Route requested(success):  	/Vibius/test | Route => function has been called.

13:38:28 | SessionID: tsscsq9es283r44icuqqlcfqk3 =\= Route requested(success):  	/Vibius/test | Route => function has been called.

13:38:28 | SessionID: tsscsq9es283r44icuqqlcfqk3 =\= Route requested(success):  	/Vibius/test | Route => function has been called.

13:59:00 | SessionID: 6j6iivhlmu9d2p854bt6ltit36 =\= Route requested(success):  	/Vibius/ | Route => function has been called.

14:00:14 | SessionID: 6j6iivhlmu9d2p854bt6ltit36 =\= Route requested(success):  	/Vibius/test | Route => function has been called.

14:07:02 | SessionID: 6j6iivhlmu9d2p854bt6ltit36 =\= Route requested(success):  	/Vibius/test | Route => function has been called. =\= Loading extension: Storage =\= Debugger: Class 'Storage' not found, /var/www/Vibius/App/routes.php at line 25

14:07:14 | SessionID: 6j6iivhlmu9d2p854bt6ltit36 =\= Route requested(success):  	/Vibius/test | Route => function has been called.

14:08:20 | SessionID: 6j6iivhlmu9d2p854bt6ltit36 =\= Route requested(success):  	/Vibius/test | Route => function has been called. =\= Debugger: mkdir(): Permission denied, /var/www/Vibius/Core/Storager/Storage.php at line 7

14:08:50 | SessionID: 6j6iivhlmu9d2p854bt6ltit36 =\= Route requested(success):  	/Vibius/test | Route => function has been called. =\= Debugger: mkdir(): Permission denied, /var/www/Vibius/Core/Storager/Storage.php at line 7

14:08:50 | SessionID: 6j6iivhlmu9d2p854bt6ltit36 =\= Route requested(success):  	/Vibius/test | Route => function has been called. =\= Debugger: mkdir(): Permission denied, /var/www/Vibius/Core/Storager/Storage.php at line 7

14:09:24 | SessionID: 6j6iivhlmu9d2p854bt6ltit36 =\= Route requested(success):  	/Vibius/test | Route => function has been called.

14:11:06 | SessionID: 6j6iivhlmu9d2p854bt6ltit36 =\= Route requested(success):  	/Vibius/test | Route => function has been called.

14:11:06 | SessionID: 6j6iivhlmu9d2p854bt6ltit36 =\= Route requested(success):  	/Vibius/test | Route => function has been called. =\= Debugger: mkdir(): File exists, /var/www/Vibius/Core/Storager/Storage.php at line 9

14:11:07 | SessionID: 6j6iivhlmu9d2p854bt6ltit36 =\= Route requested(success):  	/Vibius/test | Route => function has been called. =\= Debugger: mkdir(): File exists, /var/www/Vibius/Core/Storager/Storage.php at line 9

14:11:07 | SessionID: 6j6iivhlmu9d2p854bt6ltit36 =\= Route requested(success):  	/Vibius/test | Route => function has been called. =\= Debugger: mkdir(): File exists, /var/www/Vibius/Core/Storager/Storage.php at line 9

14:11:58 | SessionID: 6j6iivhlmu9d2p854bt6ltit36 =\= Route requested(success):  	/Vibius/test | Route => function has been called.

14:11:58 | SessionID: 6j6iivhlmu9d2p854bt6ltit36 =\= Route requested(success):  	/Vibius/test | Route => function has been called.

14:12:30 | SessionID: 6j6iivhlmu9d2p854bt6ltit36 =\= Route requested(success):  	/Vibius/test | Route => function has been called.

14:12:30 | SessionID: 6j6iivhlmu9d2p854bt6ltit36 =\= Route requested(success):  	/Vibius/test | Route => function has been called.

14:12:53 | SessionID: 6j6iivhlmu9d2p854bt6ltit36 =\= Route requested(success):  	/Vibius/test | Route => function has been called.

14:13:11 | SessionID: 6j6iivhlmu9d2p854bt6ltit36 =\= Route requested(success):  	/Vibius/test | Route => function has been called.

14:13:11 | SessionID: 6j6iivhlmu9d2p854bt6ltit36 =\= Route requested(success):  	/Vibius/test | Route => function has been called.

14:19:53 | SessionID: 6j6iivhlmu9d2p854bt6ltit36 =\= Route requested(success):  	/Vibius/test | Route => function has been called. =\= Debugger: Call to undefined method Storage::create(), /var/www/Vibius/App/routes.php at line 25

14:20:06 | SessionID: 6j6iivhlmu9d2p854bt6ltit36 =\= Route requested(success):  	/Vibius/test | Route => function has been called. =\= Debugger: Function name must be a string, /var/www/Vibius/Core/Storager/Storage.php at line 22

14:20:43 | SessionID: 6j6iivhlmu9d2p854bt6ltit36 =\= Route requested(success):  	/Vibius/test | Route => function has been called. =\= Debugger: Function name must be a string, /var/www/Vibius/Core/Storager/Storage.php at line 22

14:21:29 | SessionID: 6j6iivhlmu9d2p854bt6ltit36 =\= Route requested(success):  	/Vibius/test | Route => function has been called. =\= Debugger: Function name must be a string, /var/www/Vibius/Core/Storager/Storage.php at line 22

14:21:30 | SessionID: 6j6iivhlmu9d2p854bt6ltit36 =\= Route requested(success):  	/Vibius/test | Route => function has been called. =\= Debugger: Function name must be a string, /var/www/Vibius/Core/Storager/Storage.php at line 22

14:21:30 | SessionID: 6j6iivhlmu9d2p854bt6ltit36 =\= Route requested(success):  	/Vibius/test | Route => function has been called. =\= Debugger: Function name must be a string, /var/www/Vibius/Core/Storager/Storage.php at line 22

14:21:30 | SessionID: 6j6iivhlmu9d2p854bt6ltit36 =\= Route requested(success):  	/Vibius/test | Route => function has been called. =\= Debugger: Function name must be a string, /var/www/Vibius/Core/Storager/Storage.php at line 22

14:22:00 | SessionID: 6j6iivhlmu9d2p854bt6ltit36 =\= Route requested(success):  	/Vibius/test | Route => function has been called. =\= Debugger: Function name must be a string, /var/www/Vibius/Core/Storager/Storage.php at line 22

14:22:00 | SessionID: 6j6iivhlmu9d2p854bt6ltit36 =\= Route requested(success):  	/Vibius/test | Route => function has been called. =\= Debugger: Function name must be a string, /var/www/Vibius/Core/Storager/Storage.php at line 22

14:22:00 | SessionID: 6j6iivhlmu9d2p854bt6ltit36 =\= Route requested(success):  	/Vibius/test | Route => function has been called. =\= Debugger: Function name must be a string, /var/www/Vibius/Core/Storager/Storage.php at line 22

14:22:00 | SessionID: 6j6iivhlmu9d2p854bt6ltit36 =\= Route requested(success):  	/Vibius/test | Route => function has been called. =\= Debugger: Function name must be a string, /var/www/Vibius/Core/Storager/Storage.php at line 22

14:22:00 | SessionID: 6j6iivhlmu9d2p854bt6ltit36 =\= Route requested(success):  	/Vibius/test | Route => function has been called. =\= Debugger: Function name must be a string, /var/www/Vibius/Core/Storager/Storage.php at line 22

14:22:01 | SessionID: 6j6iivhlmu9d2p854bt6ltit36 =\= Route requested(success):  	/Vibius/test | Route => function has been called. =\= Debugger: Function name must be a string, /var/www/Vibius/Core/Storager/Storage.php at line 22

14:22:02 | SessionID: 6j6iivhlmu9d2p854bt6ltit36 =\= Route requested(success):  	/Vibius/test | Route => function has been called. =\= Debugger: Function name must be a string, /var/www/Vibius/Core/Storager/Storage.php at line 22

14:22:03 | SessionID: 6j6iivhlmu9d2p854bt6ltit36 =\= Route requested(success):  	/Vibius/test | Route => function has been called. =\= Debugger: Function name must be a string, /var/www/Vibius/Core/Storager/Storage.php at line 22

14:22:03 | SessionID: 6j6iivhlmu9d2p854bt6ltit36 =\= Route requested(success):  	/Vibius/test | Route => function has been called. =\= Debugger: Function name must be a string, /var/www/Vibius/Core/Storager/Storage.php at line 22

14:22:03 | SessionID: 6j6iivhlmu9d2p854bt6ltit36 =\= Route requested(success):  	/Vibius/test | Route => function has been called. =\= Debugger: Function name must be a string, /var/www/Vibius/Core/Storager/Storage.php at line 22

14:22:04 | SessionID: 6j6iivhlmu9d2p854bt6ltit36 =\= Route requested(success):  	/Vibius/test | Route => function has been called. =\= Debugger: Function name must be a string, /var/www/Vibius/Core/Storager/Storage.php at line 22

14:22:04 | SessionID: 6j6iivhlmu9d2p854bt6ltit36 =\= Route requested(success):  	/Vibius/test | Route => function has been called. =\= Debugger: Function name must be a string, /var/www/Vibius/Core/Storager/Storage.php at line 22

14:22:04 | SessionID: 6j6iivhlmu9d2p854bt6ltit36 =\= Route requested(success):  	/Vibius/test | Route => function has been called. =\= Debugger: Function name must be a string, /var/www/Vibius/Core/Storager/Storage.php at line 22

14:22:06 | SessionID: 6j6iivhlmu9d2p854bt6ltit36 =\= Route requested(success):  	/Vibius/test | Route => function has been called. =\= Debugger: Function name must be a string, /var/www/Vibius/Core/Storager/Storage.php at line 22

14:22:06 | SessionID: 6j6iivhlmu9d2p854bt6ltit36 =\= Route requested(success):  	/Vibius/test | Route => function has been called. =\= Debugger: Function name must be a string, /var/www/Vibius/Core/Storager/Storage.php at line 22

14:22:06 | SessionID: 6j6iivhlmu9d2p854bt6ltit36 =\= Route requested(success):  	/Vibius/test | Route => function has been called. =\= Debugger: Function name must be a string, /var/www/Vibius/Core/Storager/Storage.php at line 22

14:22:07 | SessionID: 6j6iivhlmu9d2p854bt6ltit36 =\= Route requested(success):  	/Vibius/test | Route => function has been called. =\= Debugger: Function name must be a string, /var/www/Vibius/Core/Storager/Storage.php at line 22

14:22:08 | SessionID: 6j6iivhlmu9d2p854bt6ltit36 =\= Route requested(success):  	/Vibius/test | Route => function has been called. =\= Debugger: Function name must be a string, /var/www/Vibius/Core/Storager/Storage.php at line 22

14:22:09 | SessionID: 6j6iivhlmu9d2p854bt6ltit36 =\= Route requested(success):  	/Vibius/test | Route => function has been called. =\= Debugger: Function name must be a string, /var/www/Vibius/Core/Storager/Storage.php at line 22

14:22:09 | SessionID: 6j6iivhlmu9d2p854bt6ltit36 =\= Route requested(success):  	/Vibius/test | Route => function has been called. =\= Debugger: Function name must be a string, /var/www/Vibius/Core/Storager/Storage.php at line 22

14:22:09 | SessionID: 6j6iivhlmu9d2p854bt6ltit36 =\= Route requested(success):  	/Vibius/test | Route => function has been called. =\= Debugger: Function name must be a string, /var/www/Vibius/Core/Storager/Storage.php at line 22

14:22:12 | SessionID: 6j6iivhlmu9d2p854bt6ltit36 =\= Route requested(success):  	/Vibius/test | Route => function has been called. =\= Debugger: Function name must be a string, /var/www/Vibius/Core/Storager/Storage.php at line 22

14:22:12 | SessionID: 6j6iivhlmu9d2p854bt6ltit36 =\= Route requested(success):  	/Vibius/test | Route => function has been called. =\= Debugger: Function name must be a string, /var/www/Vibius/Core/Storager/Storage.php at line 22

14:22:12 | SessionID: 6j6iivhlmu9d2p854bt6ltit36 =\= Route requested(success):  	/Vibius/test | Route => function has been called. =\= Debugger: Function name must be a string, /var/www/Vibius/Core/Storager/Storage.php at line 22

14:22:14 | SessionID: 6j6iivhlmu9d2p854bt6ltit36 =\= Route requested(success):  	/Vibius/test | Route => function has been called. =\= Debugger: Function name must be a string, /var/www/Vibius/Core/Storager/Storage.php at line 22

14:22:15 | SessionID: 6j6iivhlmu9d2p854bt6ltit36 =\= Route requested(success):  	/Vibius/test | Route => function has been called. =\= Debugger: Function name must be a string, /var/www/Vibius/Core/Storager/Storage.php at line 22

14:22:15 | SessionID: 6j6iivhlmu9d2p854bt6ltit36 =\= Route requested(success):  	/Vibius/test | Route => function has been called. =\= Debugger: Function name must be a string, /var/www/Vibius/Core/Storager/Storage.php at line 22

14:22:15 | SessionID: 6j6iivhlmu9d2p854bt6ltit36 =\= Route requested(success):  	/Vibius/test | Route => function has been called. =\= Debugger: Function name must be a string, /var/www/Vibius/Core/Storager/Storage.php at line 22

14:22:15 | SessionID: 6j6iivhlmu9d2p854bt6ltit36 =\= Route requested(success):  	/Vibius/test | Route => function has been called. =\= Debugger: Function name must be a string, /var/www/Vibius/Core/Storager/Storage.php at line 22

14:22:59 | SessionID: 6j6iivhlmu9d2p854bt6ltit36 =\= Route requested(success):  	/Vibius/test | Route => function has been called. =\= Debugger: Undefined variable: table, /var/www/Vibius/Core/Storager/Storage.php at line 30

14:23:00 | SessionID: 6j6iivhlmu9d2p854bt6ltit36 =\= Route requested(success):  	/Vibius/test | Route => function has been called. =\= Debugger: Undefined variable: table, /var/www/Vibius/Core/Storager/Storage.php at line 30

14:23:00 | SessionID: 6j6iivhlmu9d2p854bt6ltit36 =\= Route requested(success):  	/Vibius/test | Route => function has been called. =\= Debugger: Undefined variable: table, /var/www/Vibius/Core/Storager/Storage.php at line 30

14:23:34 | SessionID: 6j6iivhlmu9d2p854bt6ltit36 =\= Route requested(success):  	/Vibius/test | Route => function has been called.

14:23:34 | SessionID: 6j6iivhlmu9d2p854bt6ltit36 =\= Route requested(success):  	/Vibius/test | Route => function has been called.

14:23:34 | SessionID: 6j6iivhlmu9d2p854bt6ltit36 =\= Route requested(success):  	/Vibius/test | Route => function has been called.

14:36:22 | SessionID: 6j6iivhlmu9d2p854bt6ltit36 =\= Route requested(success):  	/Vibius/test | Route => function has been called.

14:36:22 | SessionID: 6j6iivhlmu9d2p854bt6ltit36 =\= Route requested(success):  	/Vibius/test | Route => function has been called.

14:36:22 | SessionID: 6j6iivhlmu9d2p854bt6ltit36 =\= Route requested(success):  	/Vibius/test | Route => function has been called.

14:36:23 | SessionID: 6j6iivhlmu9d2p854bt6ltit36 =\= Route requested(success):  	/Vibius/test | Route => function has been called.

14:36:23 | SessionID: 6j6iivhlmu9d2p854bt6ltit36 =\= Route requested(success):  	/Vibius/test | Route => function has been called.

14:36:23 | SessionID: 6j6iivhlmu9d2p854bt6ltit36 =\= Route requested(success):  	/Vibius/test | Route => function has been called.

14:36:52 | SessionID: 6j6iivhlmu9d2p854bt6ltit36 =\= Route requested(success):  	/Vibius/test | Route => function has been called.

14:36:53 | SessionID: 6j6iivhlmu9d2p854bt6ltit36 =\= Route requested(success):  	/Vibius/test | Route => function has been called.

14:36:53 | SessionID: 6j6iivhlmu9d2p854bt6ltit36 =\= Route requested(success):  	/Vibius/test | Route => function has been called.

14:36:53 | SessionID: 6j6iivhlmu9d2p854bt6ltit36 =\= Route requested(success):  	/Vibius/test | Route => function has been called.

14:36:53 | SessionID: 6j6iivhlmu9d2p854bt6ltit36 =\= Route requested(success):  	/Vibius/test | Route => function has been called.

14:36:53 | SessionID: 6j6iivhlmu9d2p854bt6ltit36 =\= Route requested(success):  	/Vibius/test | Route => function has been called.

14:36:54 | SessionID: 6j6iivhlmu9d2p854bt6ltit36 =\= Route requested(success):  	/Vibius/test | Route => function has been called.

14:36:54 | SessionID: 6j6iivhlmu9d2p854bt6ltit36 =\= Route requested(success):  	/Vibius/test | Route => function has been called.

14:36:55 | SessionID: 6j6iivhlmu9d2p854bt6ltit36 =\= Route requested(success):  	/Vibius/test | Route => function has been called.

14:36:55 | SessionID: 6j6iivhlmu9d2p854bt6ltit36 =\= Route requested(success):  	/Vibius/test | Route => function has been called.

14:38:26 | SessionID: 6j6iivhlmu9d2p854bt6ltit36 =\= Route requested(success):  	/Vibius/test | Route => function has been called. =\= Debugger: fopen(/var/www/Vibius/Core/Storager/../../App/Storage/myTable): failed to open stream: Is a directory, /var/www/Vibius/Core/Storager/Storage.php at line 29

14:38:27 | SessionID: 6j6iivhlmu9d2p854bt6ltit36 =\= Route requested(success):  	/Vibius/test | Route => function has been called. =\= Debugger: fopen(/var/www/Vibius/Core/Storager/../../App/Storage/myTable): failed to open stream: Is a directory, /var/www/Vibius/Core/Storager/Storage.php at line 29

14:43:20 | SessionID: 6j6iivhlmu9d2p854bt6ltit36 =\= Route requested(success):  	/Vibius/test | Route => function has been called. =\= Debugger: fopen(/var/www/Vibius/Core/Storager/../../App/Storage/myTable): failed to open stream: Is a directory, /var/www/Vibius/Core/Storager/Storage.php at line 41

14:43:20 | SessionID: 6j6iivhlmu9d2p854bt6ltit36 =\= Route requested(success):  	/Vibius/test | Route => function has been called. =\= Debugger: fopen(/var/www/Vibius/Core/Storager/../../App/Storage/myTable): failed to open stream: Is a directory, /var/www/Vibius/Core/Storager/Storage.php at line 41

14:44:05 | SessionID: 6j6iivhlmu9d2p854bt6ltit36 =\= Route requested(success):  	/Vibius/test | Route => function has been called. =\= Debugger: Undefined property: Storage::$file, /var/www/Vibius/Core/Storager/Storage.php at line 39

14:44:34 | SessionID: 6j6iivhlmu9d2p854bt6ltit36 =\= Route requested(success):  	/Vibius/test | Route => function has been called. =\= Debugger: Missing argument 2 for Storage::row(), called in /var/www/Vibius/App/routes.php on line 29 and defined, /var/www/Vibius/Core/Storager/Storage.php at line 38

14:44:34 | SessionID: 6j6iivhlmu9d2p854bt6ltit36 =\= Route requested(success):  	/Vibius/test | Route => function has been called. =\= Debugger: Missing argument 2 for Storage::row(), called in /var/www/Vibius/App/routes.php on line 29 and defined, /var/www/Vibius/Core/Storager/Storage.php at line 38

14:44:35 | SessionID: 6j6iivhlmu9d2p854bt6ltit36 =\= Route requested(success):  	/Vibius/test | Route => function has been called. =\= Debugger: Missing argument 2 for Storage::row(), called in /var/www/Vibius/App/routes.php on line 29 and defined, /var/www/Vibius/Core/Storager/Storage.php at line 38

14:44:35 | SessionID: 6j6iivhlmu9d2p854bt6ltit36 =\= Route requested(success):  	/Vibius/test | Route => function has been called. =\= Debugger: Missing argument 2 for Storage::row(), called in /var/www/Vibius/App/routes.php on line 29 and defined, /var/www/Vibius/Core/Storager/Storage.php at line 38

14:46:29 | SessionID: 6j6iivhlmu9d2p854bt6ltit36 =\= Route requested(success):  	/Vibius/test | Route => function has been called. =\= Debugger: Missing argument 2 for Storage::row(), called in /var/www/Vibius/App/routes.php on line 29 and defined, /var/www/Vibius/Core/Storager/Storage.php at line 38

14:47:06 | SessionID: 6j6iivhlmu9d2p854bt6ltit36 =\= Route requested(success):  	/Vibius/test | Route => function has been called.

14:47:16 | SessionID: 6j6iivhlmu9d2p854bt6ltit36 =\= Route requested(success):  	/Vibius/test | Route => function has been called.

14:47:22 | SessionID: 6j6iivhlmu9d2p854bt6ltit36 =\= Route requested(success):  	/Vibius/test | Route => function has been called.

14:47:22 | SessionID: 6j6iivhlmu9d2p854bt6ltit36 =\= Route requested(success):  	/Vibius/test | Route => function has been called.

14:47:23 | SessionID: 6j6iivhlmu9d2p854bt6ltit36 =\= Route requested(success):  	/Vibius/test | Route => function has been called.

14:47:23 | SessionID: 6j6iivhlmu9d2p854bt6ltit36 =\= Route requested(success):  	/Vibius/test | Route => function has been called.

14:47:23 | SessionID: 6j6iivhlmu9d2p854bt6ltit36 =\= Route requested(success):  	/Vibius/test | Route => function has been called.

14:50:08 | SessionID: 6j6iivhlmu9d2p854bt6ltit36 =\= Route requested(success):  	/Vibius/test | Route => function has been called.

14:50:15 | SessionID: 6j6iivhlmu9d2p854bt6ltit36 =\= Route requested(success):  	/Vibius/test | Route => function has been called.

14:50:16 | SessionID: 6j6iivhlmu9d2p854bt6ltit36 =\= Route requested(success):  	/Vibius/test | Route => function has been called.

14:50:16 | SessionID: 6j6iivhlmu9d2p854bt6ltit36 =\= Route requested(success):  	/Vibius/test | Route => function has been called.

14:50:16 | SessionID: 6j6iivhlmu9d2p854bt6ltit36 =\= Route requested(success):  	/Vibius/test | Route => function has been called.

14:50:16 | SessionID: 6j6iivhlmu9d2p854bt6ltit36 =\= Route requested(success):  	/Vibius/test | Route => function has been called.

14:50:16 | SessionID: 6j6iivhlmu9d2p854bt6ltit36 =\= Route requested(success):  	/Vibius/test | Route => function has been called.

14:50:16 | SessionID: 6j6iivhlmu9d2p854bt6ltit36 =\= Route requested(success):  	/Vibius/test | Route => function has been called.

14:50:17 | SessionID: 6j6iivhlmu9d2p854bt6ltit36 =\= Route requested(success):  	/Vibius/test | Route => function has been called.

14:50:17 | SessionID: 6j6iivhlmu9d2p854bt6ltit36 =\= Route requested(success):  	/Vibius/test | Route => function has been called.

14:50:17 | SessionID: 6j6iivhlmu9d2p854bt6ltit36 =\= Route requested(success):  	/Vibius/test | Route => function has been called.

14:50:17 | SessionID: 6j6iivhlmu9d2p854bt6ltit36 =\= Route requested(success):  	/Vibius/test | Route => function has been called.

14:51:11 | SessionID: 6j6iivhlmu9d2p854bt6ltit36 =\= Route requested(success):  	/Vibius/test | Route => function has been called.

14:57:19 | SessionID: 6j6iivhlmu9d2p854bt6ltit36 =\= Route requested(success):  	/Vibius/test | Route => function has been called.

15:02:28 | SessionID: 6j6iivhlmu9d2p854bt6ltit36 =\= Route requested(success):  	/Vibius/test | Route => function has been called. =\= Debugger: Call to undefined method Storage::create(), /var/www/Vibius/App/routes.php at line 25

15:02:57 | SessionID: 6j6iivhlmu9d2p854bt6ltit36 =\= Route requested(success):  	/Vibius/test | Route => function has been called. =\= Debugger: Call to undefined method Storage::init(), /var/www/Vibius/App/routes.php at line 25

15:02:57 | SessionID: 6j6iivhlmu9d2p854bt6ltit36 =\= Route requested(success):  	/Vibius/test | Route => function has been called. =\= Debugger: Call to undefined method Storage::init(), /var/www/Vibius/App/routes.php at line 25

15:02:57 | SessionID: 6j6iivhlmu9d2p854bt6ltit36 =\= Route requested(success):  	/Vibius/test | Route => function has been called. =\= Debugger: Call to undefined method Storage::init(), /var/www/Vibius/App/routes.php at line 25

15:03:02 | SessionID: 6j6iivhlmu9d2p854bt6ltit36 =\= Route requested(success):  	/Vibius/test | Route => function has been called.

15:03:22 | SessionID: 6j6iivhlmu9d2p854bt6ltit36 =\= Route requested(success):  	/Vibius/test | Route => function has been called.

15:03:22 | SessionID: 6j6iivhlmu9d2p854bt6ltit36 =\= Route requested(success):  	/Vibius/test | Route => function has been called.

15:03:23 | SessionID: 6j6iivhlmu9d2p854bt6ltit36 =\= Route requested(success):  	/Vibius/test | Route => function has been called.

15:03:23 | SessionID: 6j6iivhlmu9d2p854bt6ltit36 =\= Route requested(success):  	/Vibius/test | Route => function has been called.

15:03:23 | SessionID: 6j6iivhlmu9d2p854bt6ltit36 =\= Route requested(success):  	/Vibius/test | Route => function has been called.

15:04:10 | SessionID: 6j6iivhlmu9d2p854bt6ltit36 =\= Route requested(success):  	/Vibius/test | Route => function has been called.

15:10:31 | SessionID: 6j6iivhlmu9d2p854bt6ltit36 =\= Route requested(success):  	/Vibius/test | Route => function has been called.

15:10:31 | SessionID: 6j6iivhlmu9d2p854bt6ltit36 =\= Route requested(success):  	/Vibius/test | Route => function has been called.

15:10:31 | SessionID: 6j6iivhlmu9d2p854bt6ltit36 =\= Route requested(success):  	/Vibius/test | Route => function has been called.

15:10:42 | SessionID: 6j6iivhlmu9d2p854bt6ltit36 =\= Route requested(success):  	/Vibius/test | Route => function has been called.

15:10:42 | SessionID: 6j6iivhlmu9d2p854bt6ltit36 =\= Route requested(success):  	/Vibius/test | Route => function has been called.

15:10:42 | SessionID: 6j6iivhlmu9d2p854bt6ltit36 =\= Route requested(success):  	/Vibius/test | Route => function has been called.

15:10:49 | SessionID: 6j6iivhlmu9d2p854bt6ltit36 =\= Route requested(success):  	/Vibius/test | Route => function has been called.

15:10:49 | SessionID: 6j6iivhlmu9d2p854bt6ltit36 =\= Route requested(success):  	/Vibius/test | Route => function has been called.

15:11:10 | SessionID: 6j6iivhlmu9d2p854bt6ltit36 =\= Route requested(success):  	/Vibius/test | Route => function has been called.

15:13:38 | SessionID: 6j6iivhlmu9d2p854bt6ltit36 =\= Route requested(success):  	/Vibius/test | Route => function has been called. =\= Debugger: mkdir(): File exists, /var/www/Vibius/Core/Storager/Storage.php at line 13

15:13:40 | SessionID: 6j6iivhlmu9d2p854bt6ltit36 =\= Route requested(success):  	/Vibius/test | Route => function has been called. =\= Debugger: mkdir(): File exists, /var/www/Vibius/Core/Storager/Storage.php at line 13

15:13:41 | SessionID: 6j6iivhlmu9d2p854bt6ltit36 =\= Route requested(success):  	/Vibius/test | Route => function has been called. =\= Debugger: mkdir(): File exists, /var/www/Vibius/Core/Storager/Storage.php at line 13

15:13:59 | SessionID: 6j6iivhlmu9d2p854bt6ltit36 =\= Route requested(success):  	/Vibius/test | Route => function has been called.

15:14:28 | SessionID: 6j6iivhlmu9d2p854bt6ltit36 =\= Route requested(success):  	/Vibius/test | Route => function has been called.

15:14:29 | SessionID: 6j6iivhlmu9d2p854bt6ltit36 =\= Route requested(success):  	/Vibius/test | Route => function has been called.

15:14:29 | SessionID: 6j6iivhlmu9d2p854bt6ltit36 =\= Route requested(success):  	/Vibius/test | Route => function has been called.

15:14:29 | SessionID: 6j6iivhlmu9d2p854bt6ltit36 =\= Route requested(success):  	/Vibius/test | Route => function has been called.

15:14:29 | SessionID: 6j6iivhlmu9d2p854bt6ltit36 =\= Route requested(success):  	/Vibius/test | Route => function has been called.

15:14:29 | SessionID: 6j6iivhlmu9d2p854bt6ltit36 =\= Route requested(success):  	/Vibius/test | Route => function has been called.

15:14:35 | SessionID: 6j6iivhlmu9d2p854bt6ltit36 =\= Route requested(success):  	/Vibius/test | Route => function has been called.

15:14:36 | SessionID: 6j6iivhlmu9d2p854bt6ltit36 =\= Route requested(success):  	/Vibius/test | Route => function has been called.

15:14:36 | SessionID: 6j6iivhlmu9d2p854bt6ltit36 =\= Route requested(success):  	/Vibius/test | Route => function has been called.

15:14:36 | SessionID: 6j6iivhlmu9d2p854bt6ltit36 =\= Route requested(success):  	/Vibius/test | Route => function has been called.

15:14:36 | SessionID: 6j6iivhlmu9d2p854bt6ltit36 =\= Route requested(success):  	/Vibius/test | Route => function has been called.

15:14:36 | SessionID: 6j6iivhlmu9d2p854bt6ltit36 =\= Route requested(success):  	/Vibius/test | Route => function has been called.

15:14:37 | SessionID: 6j6iivhlmu9d2p854bt6ltit36 =\= Route requested(success):  	/Vibius/test | Route => function has been called.

15:14:37 | SessionID: 6j6iivhlmu9d2p854bt6ltit36 =\= Route requested(success):  	/Vibius/test | Route => function has been called.

15:14:37 | SessionID: 6j6iivhlmu9d2p854bt6ltit36 =\= Route requested(success):  	/Vibius/test | Route => function has been called.

15:14:50 | SessionID: 6j6iivhlmu9d2p854bt6ltit36 =\= Route requested(success):  	/Vibius/test | Route => function has been called.

15:14:52 | SessionID: 6j6iivhlmu9d2p854bt6ltit36 =\= Route requested(success):  	/Vibius/test | Route => function has been called.

15:14:52 | SessionID: 6j6iivhlmu9d2p854bt6ltit36 =\= Route requested(success):  	/Vibius/test | Route => function has been called.

15:14:52 | SessionID: 6j6iivhlmu9d2p854bt6ltit36 =\= Route requested(success):  	/Vibius/test | Route => function has been called.

15:14:52 | SessionID: 6j6iivhlmu9d2p854bt6ltit36 =\= Route requested(success):  	/Vibius/test | Route => function has been called.

15:14:53 | SessionID: 6j6iivhlmu9d2p854bt6ltit36 =\= Route requested(success):  	/Vibius/test | Route => function has been called.

15:14:53 | SessionID: 6j6iivhlmu9d2p854bt6ltit36 =\= Route requested(success):  	/Vibius/test | Route => function has been called.

15:15:06 | SessionID: 6j6iivhlmu9d2p854bt6ltit36 =\= Route requested(success):  	/Vibius/test | Route => function has been called.

15:15:07 | SessionID: 6j6iivhlmu9d2p854bt6ltit36 =\= Route requested(success):  	/Vibius/test | Route => function has been called.

15:15:07 | SessionID: 6j6iivhlmu9d2p854bt6ltit36 =\= Route requested(success):  	/Vibius/test | Route => function has been called.

15:15:07 | SessionID: 6j6iivhlmu9d2p854bt6ltit36 =\= Route requested(success):  	/Vibius/test | Route => function has been called.

15:15:10 | SessionID: 6j6iivhlmu9d2p854bt6ltit36 =\= Route requested(success):  	/Vibius/test | Route => function has been called.

15:15:11 | SessionID: 6j6iivhlmu9d2p854bt6ltit36 =\= Route requested(success):  	/Vibius/test | Route => function has been called.

15:15:11 | SessionID: 6j6iivhlmu9d2p854bt6ltit36 =\= Route requested(success):  	/Vibius/test | Route => function has been called.

15:15:11 | SessionID: 6j6iivhlmu9d2p854bt6ltit36 =\= Route requested(success):  	/Vibius/test | Route => function has been called.

15:15:11 | SessionID: 6j6iivhlmu9d2p854bt6ltit36 =\= Route requested(success):  	/Vibius/test | Route => function has been called.

15:15:12 | SessionID: 6j6iivhlmu9d2p854bt6ltit36 =\= Route requested(success):  	/Vibius/test | Route => function has been called.

15:15:27 | SessionID: 6j6iivhlmu9d2p854bt6ltit36 =\= Route requested(success):  	/Vibius/test | Route => function has been called.

15:15:27 | SessionID: 6j6iivhlmu9d2p854bt6ltit36 =\= Route requested(success):  	/Vibius/test | Route => function has been called.

15:15:27 | SessionID: 6j6iivhlmu9d2p854bt6ltit36 =\= Route requested(success):  	/Vibius/test | Route => function has been called.

15:15:47 | SessionID: 6j6iivhlmu9d2p854bt6ltit36 =\= Route requested(success):  	/Vibius/test | Route => function has been called.

15:15:48 | SessionID: 6j6iivhlmu9d2p854bt6ltit36 =\= Route requested(success):  	/Vibius/test | Route => function has been called.

15:15:48 | SessionID: 6j6iivhlmu9d2p854bt6ltit36 =\= Route requested(success):  	/Vibius/test | Route => function has been called.

15:15:48 | SessionID: 6j6iivhlmu9d2p854bt6ltit36 =\= Route requested(success):  	/Vibius/test | Route => function has been called.

15:15:48 | SessionID: 6j6iivhlmu9d2p854bt6ltit36 =\= Route requested(success):  	/Vibius/test | Route => function has been called.

15:15:51 | SessionID: 6j6iivhlmu9d2p854bt6ltit36 =\= Route requested(success):  	/Vibius/test | Route => function has been called.

15:15:51 | SessionID: 6j6iivhlmu9d2p854bt6ltit36 =\= Route requested(success):  	/Vibius/test | Route => function has been called.

15:15:52 | SessionID: 6j6iivhlmu9d2p854bt6ltit36 =\= Route requested(success):  	/Vibius/test | Route => function has been called.

15:15:52 | SessionID: 6j6iivhlmu9d2p854bt6ltit36 =\= Route requested(success):  	/Vibius/test | Route => function has been called.

15:15:52 | SessionID: 6j6iivhlmu9d2p854bt6ltit36 =\= Route requested(success):  	/Vibius/test | Route => function has been called.

15:15:57 | SessionID: 6j6iivhlmu9d2p854bt6ltit36 =\= Route requested(success):  	/Vibius/test | Route => function has been called.

15:15:58 | SessionID: 6j6iivhlmu9d2p854bt6ltit36 =\= Route requested(success):  	/Vibius/test | Route => function has been called.

15:15:58 | SessionID: 6j6iivhlmu9d2p854bt6ltit36 =\= Route requested(success):  	/Vibius/test | Route => function has been called.

15:15:58 | SessionID: 6j6iivhlmu9d2p854bt6ltit36 =\= Route requested(success):  	/Vibius/test | Route => function has been called.

15:15:58 | SessionID: 6j6iivhlmu9d2p854bt6ltit36 =\= Route requested(success):  	/Vibius/test | Route => function has been called.

15:16:02 | SessionID: 6j6iivhlmu9d2p854bt6ltit36 =\= Route requested(success):  	/Vibius/test | Route => function has been called.

15:16:02 | SessionID: 6j6iivhlmu9d2p854bt6ltit36 =\= Route requested(success):  	/Vibius/test | Route => function has been called.

15:16:16 | SessionID: 6j6iivhlmu9d2p854bt6ltit36 =\= Route requested(success):  	/Vibius/test | Route => function has been called.

15:16:16 | SessionID: 6j6iivhlmu9d2p854bt6ltit36 =\= Route requested(success):  	/Vibius/test | Route => function has been called.

15:16:16 | SessionID: 6j6iivhlmu9d2p854bt6ltit36 =\= Route requested(success):  	/Vibius/test | Route => function has been called.

15:16:20 | SessionID: 6j6iivhlmu9d2p854bt6ltit36 =\= Route requested(success):  	/Vibius/test | Route => function has been called.

15:16:20 | SessionID: 6j6iivhlmu9d2p854bt6ltit36 =\= Route requested(success):  	/Vibius/test | Route => function has been called.

15:16:21 | SessionID: 6j6iivhlmu9d2p854bt6ltit36 =\= Route requested(success):  	/Vibius/test | Route => function has been called.

15:16:21 | SessionID: 6j6iivhlmu9d2p854bt6ltit36 =\= Route requested(success):  	/Vibius/test | Route => function has been called.

15:16:24 | SessionID: 6j6iivhlmu9d2p854bt6ltit36 =\= Route requested(success):  	/Vibius/test | Route => function has been called.

15:17:16 | SessionID: 6j6iivhlmu9d2p854bt6ltit36 =\= Route requested(success):  	/Vibius/test | Route => function has been called.

15:17:16 | SessionID: 6j6iivhlmu9d2p854bt6ltit36 =\= Route requested(success):  	/Vibius/test | Route => function has been called.

15:17:16 | SessionID: 6j6iivhlmu9d2p854bt6ltit36 =\= Route requested(success):  	/Vibius/test | Route => function has been called.

15:17:17 | SessionID: 6j6iivhlmu9d2p854bt6ltit36 =\= Route requested(success):  	/Vibius/test | Route => function has been called.

15:17:48 | SessionID: 6j6iivhlmu9d2p854bt6ltit36 =\= Route requested(success):  	/Vibius/test | Route => function has been called.

15:20:30 | SessionID: 6j6iivhlmu9d2p854bt6ltit36 =\= Route requested(success):  	/Vibius/test | Route => function has been called.

15:20:30 | SessionID: 6j6iivhlmu9d2p854bt6ltit36 =\= Route requested(success):  	/Vibius/test | Route => function has been called.

15:20:50 | SessionID: 6j6iivhlmu9d2p854bt6ltit36 =\= Route requested(success):  	/Vibius/test | Route => function has been called.

15:21:05 | SessionID: 6j6iivhlmu9d2p854bt6ltit36 =\= Route requested(success):  	/Vibius/test | Route => function has been called. =\= Debugger: Using $this when not in object context, /var/www/Vibius/Core/Storager/Storage.php at line 52

15:21:21 | SessionID: 6j6iivhlmu9d2p854bt6ltit36 =\= Route requested(success):  	/Vibius/test | Route => function has been called.

15:23:35 | SessionID: 6j6iivhlmu9d2p854bt6ltit36 =\= Route requested(success):  	/Vibius/test | Route => function has been called.

15:25:48 | SessionID: 6j6iivhlmu9d2p854bt6ltit36 =\= Route requested(success):  	/Vibius/test | Route => function has been called.

15:25:57 | SessionID: 6j6iivhlmu9d2p854bt6ltit36 =\= Route requested(success):  	/Vibius/test | Route => function has been called.

15:25:57 | SessionID: 6j6iivhlmu9d2p854bt6ltit36 =\= Route requested(success):  	/Vibius/test | Route => function has been called.

15:25:58 | SessionID: 6j6iivhlmu9d2p854bt6ltit36 =\= Route requested(success):  	/Vibius/test | Route => function has been called.

15:25:58 | SessionID: 6j6iivhlmu9d2p854bt6ltit36 =\= Route requested(success):  	/Vibius/test | Route => function has been called.

15:25:58 | SessionID: 6j6iivhlmu9d2p854bt6ltit36 =\= Route requested(success):  	/Vibius/test | Route => function has been called.

15:25:58 | SessionID: 6j6iivhlmu9d2p854bt6ltit36 =\= Route requested(success):  	/Vibius/test | Route => function has been called.

15:25:58 | SessionID: 6j6iivhlmu9d2p854bt6ltit36 =\= Route requested(success):  	/Vibius/test | Route => function has been called.

15:25:59 | SessionID: 6j6iivhlmu9d2p854bt6ltit36 =\= Route requested(success):  	/Vibius/test | Route => function has been called.

15:25:59 | SessionID: 6j6iivhlmu9d2p854bt6ltit36 =\= Route requested(success):  	/Vibius/test | Route => function has been called.

15:26:00 | SessionID: 6j6iivhlmu9d2p854bt6ltit36 =\= Route requested(success):  	/Vibius/test | Route => function has been called.

15:26:03 | SessionID: 6j6iivhlmu9d2p854bt6ltit36 =\= Route requested(success):  	/Vibius/test | Route => function has been called.

15:26:04 | SessionID: 6j6iivhlmu9d2p854bt6ltit36 =\= Route requested(success):  	/Vibius/test | Route => function has been called.

15:26:04 | SessionID: 6j6iivhlmu9d2p854bt6ltit36 =\= Route requested(success):  	/Vibius/test | Route => function has been called.

15:26:04 | SessionID: 6j6iivhlmu9d2p854bt6ltit36 =\= Route requested(success):  	/Vibius/test | Route => function has been called.

15:26:05 | SessionID: 6j6iivhlmu9d2p854bt6ltit36 =\= Route requested(success):  	/Vibius/test | Route => function has been called.

15:29:18 | SessionID: 6j6iivhlmu9d2p854bt6ltit36 =\= Route requested(success):  	/Vibius/test | Route => function has been called. =\= Debugger: Call to undefined method Storage::status(), /var/www/Vibius/App/routes.php at line 29

15:29:19 | SessionID: 6j6iivhlmu9d2p854bt6ltit36 =\= Route requested(success):  	/Vibius/test | Route => function has been called. =\= Debugger: Call to undefined method Storage::status(), /var/www/Vibius/App/routes.php at line 29

15:29:23 | SessionID: 6j6iivhlmu9d2p854bt6ltit36 =\= Route requested(success):  	/Vibius/test | Route => function has been called.

15:29:33 | SessionID: 6j6iivhlmu9d2p854bt6ltit36 =\= Route requested(success):  	/Vibius/test | Route => function has been called. =\= Debugger: Undefined property: Storage::$error, /var/www/Vibius/Core/Storager/Storage.php at line 67

15:29:33 | SessionID: 6j6iivhlmu9d2p854bt6ltit36 =\= Route requested(success):  	/Vibius/test | Route => function has been called. =\= Debugger: Undefined property: Storage::$error, /var/www/Vibius/Core/Storager/Storage.php at line 67

15:29:33 | SessionID: 6j6iivhlmu9d2p854bt6ltit36 =\= Route requested(success):  	/Vibius/test | Route => function has been called. =\= Debugger: Undefined property: Storage::$error, /var/www/Vibius/Core/Storager/Storage.php at line 67

15:29:56 | SessionID: 6j6iivhlmu9d2p854bt6ltit36 =\= Route requested(success):  	/Vibius/test | Route => function has been called.

15:29:57 | SessionID: 6j6iivhlmu9d2p854bt6ltit36 =\= Route requested(success):  	/Vibius/test | Route => function has been called.

15:30:15 | SessionID: 6j6iivhlmu9d2p854bt6ltit36 =\= Route requested(success):  	/Vibius/test | Route => function has been called.

15:30:15 | SessionID: 6j6iivhlmu9d2p854bt6ltit36 =\= Route requested(success):  	/Vibius/test | Route => function has been called.

15:30:16 | SessionID: 6j6iivhlmu9d2p854bt6ltit36 =\= Route requested(success):  	/Vibius/test | Route => function has been called.

15:30:16 | SessionID: 6j6iivhlmu9d2p854bt6ltit36 =\= Route requested(success):  	/Vibius/test | Route => function has been called.

15:30:30 | SessionID: 6j6iivhlmu9d2p854bt6ltit36 =\= Route requested(success):  	/Vibius/test | Route => function has been called. =\= Debugger: Call to undefined method Storage::error(), /var/www/Vibius/Core/Storager/Storage.php at line 69

15:30:31 | SessionID: 6j6iivhlmu9d2p854bt6ltit36 =\= Route requested(success):  	/Vibius/test | Route => function has been called. =\= Debugger: Call to undefined method Storage::error(), /var/www/Vibius/Core/Storager/Storage.php at line 69

15:30:31 | SessionID: 6j6iivhlmu9d2p854bt6ltit36 =\= Route requested(success):  	/Vibius/test | Route => function has been called. =\= Debugger: Call to undefined method Storage::error(), /var/www/Vibius/Core/Storager/Storage.php at line 69

15:30:46 | SessionID: 6j6iivhlmu9d2p854bt6ltit36 =\= Route requested(success):  	/Vibius/test | Route => function has been called. =\= Debugger: Call to undefined method Storage::error(), /var/www/Vibius/App/routes.php at line 29

15:30:47 | SessionID: 6j6iivhlmu9d2p854bt6ltit36 =\= Route requested(success):  	/Vibius/test | Route => function has been called. =\= Debugger: Call to undefined method Storage::error(), /var/www/Vibius/App/routes.php at line 29

15:30:47 | SessionID: 6j6iivhlmu9d2p854bt6ltit36 =\= Route requested(success):  	/Vibius/test | Route => function has been called. =\= Debugger: Call to undefined method Storage::error(), /var/www/Vibius/App/routes.php at line 29

15:30:48 | SessionID: 6j6iivhlmu9d2p854bt6ltit36 =\= Route requested(success):  	/Vibius/test | Route => function has been called. =\= Debugger: Call to undefined method Storage::error(), /var/www/Vibius/App/routes.php at line 29

15:31:46 | SessionID: 6j6iivhlmu9d2p854bt6ltit36 =\= Route requested(failure):  	/Vibius/testasffas | No route found =\= Debugger: No route was found!, /var/www/Vibius/Core/Router/Router.php at line 139

15:32:04 | SessionID: 6j6iivhlmu9d2p854bt6ltit36 =\= Route requested(success):  	/Vibius/test | Route => function has been called.

15:32:59 | SessionID: 6j6iivhlmu9d2p854bt6ltit36 =\= Route requested(success):  	/Vibius/test | Route => function has been called.

15:32:59 | SessionID: 6j6iivhlmu9d2p854bt6ltit36 =\= Route requested(success):  	/Vibius/test | Route => function has been called.

15:33:00 | SessionID: 6j6iivhlmu9d2p854bt6ltit36 =\= Route requested(success):  	/Vibius/test | Route => function has been called.

15:33:21 | SessionID: 6j6iivhlmu9d2p854bt6ltit36 =\= Route requested(success):  	/Vibius/test | Route => function has been called.

15:33:22 | SessionID: 6j6iivhlmu9d2p854bt6ltit36 =\= Route requested(success):  	/Vibius/test | Route => function has been called.

15:33:22 | SessionID: 6j6iivhlmu9d2p854bt6ltit36 =\= Route requested(success):  	/Vibius/test | Route => function has been called.

15:33:22 | SessionID: 6j6iivhlmu9d2p854bt6ltit36 =\= Route requested(success):  	/Vibius/test | Route => function has been called.

15:33:22 | SessionID: 6j6iivhlmu9d2p854bt6ltit36 =\= Route requested(success):  	/Vibius/test | Route => function has been called.

15:33:36 | SessionID: 6j6iivhlmu9d2p854bt6ltit36 =\= Route requested(success):  	/Vibius/test | Route => function has been called.

15:33:39 | SessionID: 6j6iivhlmu9d2p854bt6ltit36 =\= Route requested(success):  	/Vibius/test | Route => function has been called.

15:33:40 | SessionID: 6j6iivhlmu9d2p854bt6ltit36 =\= Route requested(success):  	/Vibius/test | Route => function has been called.

15:33:40 | SessionID: 6j6iivhlmu9d2p854bt6ltit36 =\= Route requested(success):  	/Vibius/test | Route => function has been called.

15:33:40 | SessionID: 6j6iivhlmu9d2p854bt6ltit36 =\= Route requested(success):  	/Vibius/test | Route => function has been called.

15:33:40 | SessionID: 6j6iivhlmu9d2p854bt6ltit36 =\= Route requested(success):  	/Vibius/test | Route => function has been called.

15:33:40 | SessionID: 6j6iivhlmu9d2p854bt6ltit36 =\= Route requested(success):  	/Vibius/test | Route => function has been called.

15:33:45 | SessionID: 6j6iivhlmu9d2p854bt6ltit36 =\= Route requested(success):  	/Vibius/test | Route => function has been called.

15:33:45 | SessionID: 6j6iivhlmu9d2p854bt6ltit36 =\= Route requested(success):  	/Vibius/test | Route => function has been called.

15:33:45 | SessionID: 6j6iivhlmu9d2p854bt6ltit36 =\= Route requested(success):  	/Vibius/test | Route => function has been called.

15:33:46 | SessionID: 6j6iivhlmu9d2p854bt6ltit36 =\= Route requested(success):  	/Vibius/test | Route => function has been called.

15:33:46 | SessionID: 6j6iivhlmu9d2p854bt6ltit36 =\= Route requested(success):  	/Vibius/test | Route => function has been called.

15:33:46 | SessionID: 6j6iivhlmu9d2p854bt6ltit36 =\= Route requested(success):  	/Vibius/test | Route => function has been called.

15:33:46 | SessionID: 6j6iivhlmu9d2p854bt6ltit36 =\= Route requested(success):  	/Vibius/test | Route => function has been called.

15:33:46 | SessionID: 6j6iivhlmu9d2p854bt6ltit36 =\= Route requested(success):  	/Vibius/test | Route => function has been called.

15:40:14 | SessionID: 6j6iivhlmu9d2p854bt6ltit36 =\= Route requested(success):  	/Vibius/test | Route => function has been called. =\= Debugger: Undefined variable: table, /var/www/Vibius/Core/Storager/Storage.php at line 68

15:40:25 | SessionID: 6j6iivhlmu9d2p854bt6ltit36 =\= Route requested(success):  	/Vibius/test | Route => function has been called.

15:41:52 | SessionID: 6j6iivhlmu9d2p854bt6ltit36 =\= Route requested(success):  	/Vibius/test | Route => function has been called. =\= Debugger: Call to undefined method Storage::set(), /var/www/Vibius/App/routes.php at line 27

15:42:06 | SessionID: 6j6iivhlmu9d2p854bt6ltit36 =\= Route requested(success):  	/Vibius/test | Route => function has been called.

15:42:09 | SessionID: 6j6iivhlmu9d2p854bt6ltit36 =\= Route requested(success):  	/Vibius/test | Route => function has been called. =\= Debugger: Undefined property: Storage::$table, /var/www/Vibius/Core/Storager/Storage.php at line 68

15:42:36 | SessionID: 6j6iivhlmu9d2p854bt6ltit36 =\= Route requested(success):  	/Vibius/test | Route => function has been called.

15:42:44 | SessionID: 6j6iivhlmu9d2p854bt6ltit36 =\= Route requested(success):  	/Vibius/test | Route => function has been called.

15:42:48 | SessionID: 6j6iivhlmu9d2p854bt6ltit36 =\= Route requested(success):  	/Vibius/test | Route => function has been called.

15:43:26 | SessionID: 6j6iivhlmu9d2p854bt6ltit36 =\= Route requested(success):  	/Vibius/test | Route => function has been called. =\= Debugger: fopen() expects at least 2 parameters, 1 given, /var/www/Vibius/Core/Storager/Storage.php at line 75

15:43:39 | SessionID: 6j6iivhlmu9d2p854bt6ltit36 =\= Route requested(success):  	/Vibius/test | Route => function has been called.

15:51:50 | SessionID: 6j6iivhlmu9d2p854bt6ltit36 =\= Route requested(success):  	/Vibius/test | Route => function has been called.

15:51:51 | SessionID: 6j6iivhlmu9d2p854bt6ltit36 =\= Route requested(success):  	/Vibius/test | Route => function has been called.

15:51:51 | SessionID: 6j6iivhlmu9d2p854bt6ltit36 =\= Route requested(success):  	/Vibius/test | Route => function has been called.

15:54:35 | SessionID: 6j6iivhlmu9d2p854bt6ltit36 =\= Route requested(success):  	/Vibius/test | Route => function has been called.

15:58:09 | SessionID: 6j6iivhlmu9d2p854bt6ltit36 =\= Route requested(success):  	/Vibius/test | Route => function has been called. =\= Debugger: Call to a member function status() on a non-object, /var/www/Vibius/App/routes.php at line 29

15:58:45 | SessionID: 6j6iivhlmu9d2p854bt6ltit36 =\= Route requested(success):  	/Vibius/test | Route => function has been called.

15:59:00 | SessionID: 6j6iivhlmu9d2p854bt6ltit36 =\= Route requested(success):  	/Vibius/test | Route => function has been called. =\= Debugger: Function name must be a string, /var/www/Vibius/App/routes.php at line 29

15:59:11 | SessionID: 6j6iivhlmu9d2p854bt6ltit36 =\= Route requested(success):  	/Vibius/test | Route => function has been called.

16:06:33 | SessionID: 6j6iivhlmu9d2p854bt6ltit36 =\= Route requested(success):  	/Vibius/test | Route => function has been called. =\= Debugger: Call to a member function status() on a non-object, /var/www/Vibius/App/routes.php at line 29

16:07:01 | SessionID: 6j6iivhlmu9d2p854bt6ltit36 =\= Route requested(success):  	/Vibius/test | Route => function has been called.

16:07:02 | SessionID: 6j6iivhlmu9d2p854bt6ltit36 =\= Route requested(success):  	/Vibius/test | Route => function has been called.

16:07:02 | SessionID: 6j6iivhlmu9d2p854bt6ltit36 =\= Route requested(success):  	/Vibius/test | Route => function has been called.

16:07:03 | SessionID: 6j6iivhlmu9d2p854bt6ltit36 =\= Route requested(success):  	/Vibius/test | Route => function has been called.

16:07:03 | SessionID: 6j6iivhlmu9d2p854bt6ltit36 =\= Route requested(success):  	/Vibius/test | Route => function has been called.

16:07:03 | SessionID: 6j6iivhlmu9d2p854bt6ltit36 =\= Route requested(success):  	/Vibius/test | Route => function has been called.

16:07:03 | SessionID: 6j6iivhlmu9d2p854bt6ltit36 =\= Route requested(success):  	/Vibius/test | Route => function has been called.

16:07:03 | SessionID: 6j6iivhlmu9d2p854bt6ltit36 =\= Route requested(success):  	/Vibius/test | Route => function has been called.

16:07:04 | SessionID: 6j6iivhlmu9d2p854bt6ltit36 =\= Route requested(success):  	/Vibius/test | Route => function has been called.

16:07:11 | SessionID: 6j6iivhlmu9d2p854bt6ltit36 =\= Route requested(success):  	/Vibius/test | Route => function has been called.

16:10:07 | SessionID: 6j6iivhlmu9d2p854bt6ltit36 =\= Route requested(success):  	/Vibius/test | Route => function has been called. =\= Debugger: Undefined variable: row, /var/www/Vibius/Core/Storager/Storage.php at line 85

16:10:09 | SessionID: 6j6iivhlmu9d2p854bt6ltit36 =\= Route requested(success):  	/Vibius/test | Route => function has been called. =\= Debugger: Undefined variable: row, /var/www/Vibius/Core/Storager/Storage.php at line 85

16:10:09 | SessionID: 6j6iivhlmu9d2p854bt6ltit36 =\= Route requested(success):  	/Vibius/test | Route => function has been called. =\= Debugger: Undefined variable: row, /var/www/Vibius/Core/Storager/Storage.php at line 85

16:10:17 | SessionID: 6j6iivhlmu9d2p854bt6ltit36 =\= Route requested(success):  	/Vibius/test | Route => function has been called.

16:12:53 | SessionID: 6j6iivhlmu9d2p854bt6ltit36 =\= Route requested(success):  	/Vibius/test | Route => function has been called.

16:14:07 | SessionID: 6j6iivhlmu9d2p854bt6ltit36 =\= Route requested(success):  	/Vibius/test | Route => function has been called.

16:14:07 | SessionID: 6j6iivhlmu9d2p854bt6ltit36 =\= Route requested(success):  	/Vibius/test | Route => function has been called.

16:14:08 | SessionID: 6j6iivhlmu9d2p854bt6ltit36 =\= Route requested(success):  	/Vibius/test | Route => function has been called.

16:14:08 | SessionID: 6j6iivhlmu9d2p854bt6ltit36 =\= Route requested(success):  	/Vibius/test | Route => function has been called.

16:14:08 | SessionID: 6j6iivhlmu9d2p854bt6ltit36 =\= Route requested(success):  	/Vibius/test | Route => function has been called.

16:16:29 | SessionID: 6j6iivhlmu9d2p854bt6ltit36 =\= Route requested(success):  	/Vibius/test | Route => function has been called.

16:16:29 | SessionID: 6j6iivhlmu9d2p854bt6ltit36 =\= Route requested(success):  	/Vibius/test | Route => function has been called.

16:16:30 | SessionID: 6j6iivhlmu9d2p854bt6ltit36 =\= Route requested(success):  	/Vibius/test | Route => function has been called.

16:18:47 | SessionID: 6j6iivhlmu9d2p854bt6ltit36 =\= Route requested(success):  	/Vibius/test | Route => function has been called. =\= Debugger: Using $this when not in object context, /var/www/Vibius/Core/Storager/Storage.php at line 24

16:19:23 | SessionID: 6j6iivhlmu9d2p854bt6ltit36 =\= Route requested(success):  	/Vibius/test | Route => function has been called.

16:19:23 | SessionID: 6j6iivhlmu9d2p854bt6ltit36 =\= Route requested(success):  	/Vibius/test | Route => function has been called.

16:19:23 | SessionID: 6j6iivhlmu9d2p854bt6ltit36 =\= Route requested(success):  	/Vibius/test | Route => function has been called.

16:19:24 | SessionID: 6j6iivhlmu9d2p854bt6ltit36 =\= Route requested(success):  	/Vibius/test | Route => function has been called.

16:19:24 | SessionID: 6j6iivhlmu9d2p854bt6ltit36 =\= Route requested(success):  	/Vibius/test | Route => function has been called.

16:19:33 | SessionID: 6j6iivhlmu9d2p854bt6ltit36 =\= Route requested(success):  	/Vibius/test | Route => function has been called.

16:22:42 | SessionID: 6j6iivhlmu9d2p854bt6ltit36 =\= Debugger: syntax error, unexpected T_STRING, /var/www/Vibius/App/routes.php at line 35

16:22:47 | SessionID: 6j6iivhlmu9d2p854bt6ltit36 =\= Route requested(success):  	/Vibius/test | Route => function has been called. =\= Debugger: Call to a member function status() on a non-object, /var/www/Vibius/App/routes.php at line 34

16:22:52 | SessionID: 6j6iivhlmu9d2p854bt6ltit36 =\= Route requested(success):  	/Vibius/test | Route => function has been called.

16:22:53 | SessionID: 6j6iivhlmu9d2p854bt6ltit36 =\= Route requested(success):  	/Vibius/test | Route => function has been called.

16:22:53 | SessionID: 6j6iivhlmu9d2p854bt6ltit36 =\= Route requested(success):  	/Vibius/test | Route => function has been called.

16:23:09 | SessionID: 6j6iivhlmu9d2p854bt6ltit36 =\= Route requested(success):  	/Vibius/test | Route => function has been called.

16:23:10 | SessionID: 6j6iivhlmu9d2p854bt6ltit36 =\= Route requested(success):  	/Vibius/test | Route => function has been called.

16:23:10 | SessionID: 6j6iivhlmu9d2p854bt6ltit36 =\= Route requested(success):  	/Vibius/test | Route => function has been called.

16:23:10 | SessionID: 6j6iivhlmu9d2p854bt6ltit36 =\= Route requested(success):  	/Vibius/test | Route => function has been called.

16:23:22 | SessionID: 6j6iivhlmu9d2p854bt6ltit36 =\= Route requested(success):  	/Vibius/test | Route => function has been called.

16:23:22 | SessionID: 6j6iivhlmu9d2p854bt6ltit36 =\= Route requested(success):  	/Vibius/test | Route => function has been called.

16:23:23 | SessionID: 6j6iivhlmu9d2p854bt6ltit36 =\= Route requested(success):  	/Vibius/test | Route => function has been called.

16:23:23 | SessionID: 6j6iivhlmu9d2p854bt6ltit36 =\= Route requested(success):  	/Vibius/test | Route => function has been called.

16:23:41 | SessionID: 6j6iivhlmu9d2p854bt6ltit36 =\= Route requested(success):  	/Vibius/test | Route => function has been called.

16:23:58 | SessionID: 6j6iivhlmu9d2p854bt6ltit36 =\= Route requested(success):  	/Vibius/test | Route => function has been called.

16:23:58 | SessionID: 6j6iivhlmu9d2p854bt6ltit36 =\= Route requested(success):  	/Vibius/test | Route => function has been called.

16:23:58 | SessionID: 6j6iivhlmu9d2p854bt6ltit36 =\= Route requested(success):  	/Vibius/test | Route => function has been called.

16:23:58 | SessionID: 6j6iivhlmu9d2p854bt6ltit36 =\= Route requested(success):  	/Vibius/test | Route => function has been called.

16:23:59 | SessionID: 6j6iivhlmu9d2p854bt6ltit36 =\= Route requested(success):  	/Vibius/test | Route => function has been called.

16:24:07 | SessionID: 6j6iivhlmu9d2p854bt6ltit36 =\= Route requested(success):  	/Vibius/test | Route => function has been called.

16:24:07 | SessionID: 6j6iivhlmu9d2p854bt6ltit36 =\= Route requested(success):  	/Vibius/test | Route => function has been called.

16:24:07 | SessionID: 6j6iivhlmu9d2p854bt6ltit36 =\= Route requested(success):  	/Vibius/test | Route => function has been called.

16:24:12 | SessionID: 6j6iivhlmu9d2p854bt6ltit36 =\= Route requested(success):  	/Vibius/test | Route => function has been called. =\= Debugger: Undefined variable: data, /var/www/Vibius/App/routes.php at line 35

16:24:17 | SessionID: 6j6iivhlmu9d2p854bt6ltit36 =\= Route requested(success):  	/Vibius/test | Route => function has been called.

16:24:28 | SessionID: 6j6iivhlmu9d2p854bt6ltit36 =\= Route requested(success):  	/Vibius/test | Route => function has been called.

16:24:33 | SessionID: 6j6iivhlmu9d2p854bt6ltit36 =\= Route requested(success):  	/Vibius/test | Route => function has been called.

16:25:25 | SessionID: 6j6iivhlmu9d2p854bt6ltit36 =\= Route requested(success):  	/Vibius/test | Route => function has been called.

16:25:25 | SessionID: 6j6iivhlmu9d2p854bt6ltit36 =\= Route requested(success):  	/Vibius/test | Route => function has been called.

16:25:26 | SessionID: 6j6iivhlmu9d2p854bt6ltit36 =\= Route requested(success):  	/Vibius/test | Route => function has been called.

16:25:26 | SessionID: 6j6iivhlmu9d2p854bt6ltit36 =\= Route requested(success):  	/Vibius/test | Route => function has been called.

16:25:30 | SessionID: 6j6iivhlmu9d2p854bt6ltit36 =\= Route requested(success):  	/Vibius/test | Route => function has been called.

16:25:30 | SessionID: 6j6iivhlmu9d2p854bt6ltit36 =\= Route requested(success):  	/Vibius/test | Route => function has been called.

16:25:30 | SessionID: 6j6iivhlmu9d2p854bt6ltit36 =\= Route requested(success):  	/Vibius/test | Route => function has been called.

16:25:31 | SessionID: 6j6iivhlmu9d2p854bt6ltit36 =\= Route requested(success):  	/Vibius/test | Route => function has been called.

16:25:31 | SessionID: 6j6iivhlmu9d2p854bt6ltit36 =\= Route requested(success):  	/Vibius/test | Route => function has been called.

16:25:31 | SessionID: 6j6iivhlmu9d2p854bt6ltit36 =\= Route requested(success):  	/Vibius/test | Route => function has been called.

16:26:37 | SessionID: 6j6iivhlmu9d2p854bt6ltit36 =\= Route requested(success):  	/Vibius/test | Route => function has been called.

16:26:37 | SessionID: 6j6iivhlmu9d2p854bt6ltit36 =\= Route requested(success):  	/Vibius/test | Route => function has been called.

16:26:42 | SessionID: 6j6iivhlmu9d2p854bt6ltit36 =\= Route requested(success):  	/Vibius/test | Route => function has been called.

16:26:43 | SessionID: 6j6iivhlmu9d2p854bt6ltit36 =\= Route requested(success):  	/Vibius/test | Route => function has been called.

16:26:43 | SessionID: 6j6iivhlmu9d2p854bt6ltit36 =\= Route requested(success):  	/Vibius/test | Route => function has been called.

16:26:43 | SessionID: 6j6iivhlmu9d2p854bt6ltit36 =\= Route requested(success):  	/Vibius/test | Route => function has been called.

16:26:43 | SessionID: 6j6iivhlmu9d2p854bt6ltit36 =\= Route requested(success):  	/Vibius/test | Route => function has been called.

16:26:44 | SessionID: 6j6iivhlmu9d2p854bt6ltit36 =\= Route requested(success):  	/Vibius/test | Route => function has been called.

16:26:44 | SessionID: 6j6iivhlmu9d2p854bt6ltit36 =\= Route requested(success):  	/Vibius/test | Route => function has been called.

16:26:44 | SessionID: 6j6iivhlmu9d2p854bt6ltit36 =\= Route requested(success):  	/Vibius/test | Route => function has been called.

16:29:01 | SessionID: 6j6iivhlmu9d2p854bt6ltit36 =\= Route requested(success):  	/Vibius/test | Route => function has been called.

16:29:02 | SessionID: 6j6iivhlmu9d2p854bt6ltit36 =\= Route requested(success):  	/Vibius/test | Route => function has been called.

16:29:02 | SessionID: 6j6iivhlmu9d2p854bt6ltit36 =\= Route requested(success):  	/Vibius/test | Route => function has been called.

16:29:02 | SessionID: 6j6iivhlmu9d2p854bt6ltit36 =\= Route requested(success):  	/Vibius/test | Route => function has been called.

16:29:03 | SessionID: 6j6iivhlmu9d2p854bt6ltit36 =\= Route requested(success):  	/Vibius/test | Route => function has been called.

16:30:58 | SessionID: 6j6iivhlmu9d2p854bt6ltit36 =\= Route requested(success):  	/Vibius/test | Route => function has been called.

16:30:58 | SessionID: 6j6iivhlmu9d2p854bt6ltit36 =\= Route requested(success):  	/Vibius/test | Route => function has been called.

16:30:59 | SessionID: 6j6iivhlmu9d2p854bt6ltit36 =\= Route requested(success):  	/Vibius/test | Route => function has been called.

16:31:13 | SessionID: 6j6iivhlmu9d2p854bt6ltit36 =\= Route requested(success):  	/Vibius/test | Route => function has been called.

16:32:03 | SessionID: 6j6iivhlmu9d2p854bt6ltit36 =\= Route requested(success):  	/Vibius/test | Route => function has been called.

16:36:56 | SessionID: 6j6iivhlmu9d2p854bt6ltit36 =\= Route requested(success):  	/Vibius/test | Route => function has been called. =\= Debugger: Undefined offset: 2, /var/www/Vibius/Core/Storager/Storage.php at line 118

16:36:57 | SessionID: 6j6iivhlmu9d2p854bt6ltit36 =\= Route requested(success):  	/Vibius/test | Route => function has been called. =\= Debugger: Undefined offset: 2, /var/www/Vibius/Core/Storager/Storage.php at line 118

16:37:22 | SessionID: 6j6iivhlmu9d2p854bt6ltit36 =\= Route requested(success):  	/Vibius/test | Route => function has been called.

16:37:46 | SessionID: 6j6iivhlmu9d2p854bt6ltit36 =\= Route requested(success):  	/Vibius/test | Route => function has been called. =\= Debugger: Undefined offset: 2, /var/www/Vibius/Core/Storager/Storage.php at line 119

16:37:55 | SessionID: 6j6iivhlmu9d2p854bt6ltit36 =\= Route requested(success):  	/Vibius/test | Route => function has been called. =\= Debugger: Undefined offset: 2, /var/www/Vibius/Core/Storager/Storage.php at line 119

16:37:55 | SessionID: 6j6iivhlmu9d2p854bt6ltit36 =\= Route requested(success):  	/Vibius/test | Route => function has been called. =\= Debugger: Undefined offset: 2, /var/www/Vibius/Core/Storager/Storage.php at line 119

16:37:56 | SessionID: 6j6iivhlmu9d2p854bt6ltit36 =\= Route requested(success):  	/Vibius/test | Route => function has been called. =\= Debugger: Undefined offset: 2, /var/www/Vibius/Core/Storager/Storage.php at line 119

16:37:56 | SessionID: 6j6iivhlmu9d2p854bt6ltit36 =\= Route requested(success):  	/Vibius/test | Route => function has been called. =\= Debugger: Undefined offset: 2, /var/www/Vibius/Core/Storager/Storage.php at line 119

16:39:23 | SessionID: 6j6iivhlmu9d2p854bt6ltit36 =\= Route requested(success):  	/Vibius/test | Route => function has been called. =\= Debugger: Undefined offset: 2, /var/www/Vibius/Core/Storager/Storage.php at line 119

16:40:14 | SessionID: 6j6iivhlmu9d2p854bt6ltit36 =\= Route requested(success):  	/Vibius/test | Route => function has been called.

16:40:14 | SessionID: 6j6iivhlmu9d2p854bt6ltit36 =\= Route requested(success):  	/Vibius/test | Route => function has been called.

16:40:14 | SessionID: 6j6iivhlmu9d2p854bt6ltit36 =\= Route requested(success):  	/Vibius/test | Route => function has been called.

16:40:23 | SessionID: 6j6iivhlmu9d2p854bt6ltit36 =\= Route requested(success):  	/Vibius/test | Route => function has been called.

16:40:41 | SessionID: 6j6iivhlmu9d2p854bt6ltit36 =\= Route requested(success):  	/Vibius/test | Route => function has been called.

16:40:41 | SessionID: 6j6iivhlmu9d2p854bt6ltit36 =\= Route requested(success):  	/Vibius/test | Route => function has been called.

16:42:48 | SessionID: 6j6iivhlmu9d2p854bt6ltit36 =\= Route requested(success):  	/Vibius/test | Route => function has been called.

16:43:23 | SessionID: 6j6iivhlmu9d2p854bt6ltit36 =\= Route requested(success):  	/Vibius/test | Route => function has been called.

16:43:23 | SessionID: 6j6iivhlmu9d2p854bt6ltit36 =\= Route requested(success):  	/Vibius/test | Route => function has been called.

16:43:24 | SessionID: 6j6iivhlmu9d2p854bt6ltit36 =\= Route requested(success):  	/Vibius/test | Route => function has been called.

16:43:24 | SessionID: 6j6iivhlmu9d2p854bt6ltit36 =\= Route requested(success):  	/Vibius/test | Route => function has been called.

16:43:24 | SessionID: 6j6iivhlmu9d2p854bt6ltit36 =\= Route requested(success):  	/Vibius/test | Route => function has been called.

16:43:24 | SessionID: 6j6iivhlmu9d2p854bt6ltit36 =\= Route requested(success):  	/Vibius/test | Route => function has been called.

16:43:24 | SessionID: 6j6iivhlmu9d2p854bt6ltit36 =\= Route requested(success):  	/Vibius/test | Route => function has been called.

16:43:35 | SessionID: 6j6iivhlmu9d2p854bt6ltit36 =\= Route requested(success):  	/Vibius/test | Route => function has been called.

16:43:35 | SessionID: 6j6iivhlmu9d2p854bt6ltit36 =\= Route requested(success):  	/Vibius/test | Route => function has been called.

16:43:36 | SessionID: 6j6iivhlmu9d2p854bt6ltit36 =\= Route requested(success):  	/Vibius/test | Route => function has been called.

16:43:36 | SessionID: 6j6iivhlmu9d2p854bt6ltit36 =\= Route requested(success):  	/Vibius/test | Route => function has been called.

16:43:51 | SessionID: 6j6iivhlmu9d2p854bt6ltit36 =\= Route requested(success):  	/Vibius/test | Route => function has been called.

16:43:55 | SessionID: 6j6iivhlmu9d2p854bt6ltit36 =\= Route requested(success):  	/Vibius/test | Route => function has been called.

16:44:23 | SessionID: 6j6iivhlmu9d2p854bt6ltit36 =\= Route requested(success):  	/Vibius/test | Route => function has been called.

16:44:23 | SessionID: 6j6iivhlmu9d2p854bt6ltit36 =\= Route requested(success):  	/Vibius/test | Route => function has been called.

16:44:23 | SessionID: 6j6iivhlmu9d2p854bt6ltit36 =\= Route requested(success):  	/Vibius/test | Route => function has been called.

16:49:04 | SessionID: 6j6iivhlmu9d2p854bt6ltit36 =\= Route requested(success):  	/Vibius/test | Route => function has been called. =\= Debugger: unserialize(): Error at offset 0 of 76 bytes, /var/www/Vibius/Core/Storager/Storage.php at line 120

16:49:56 | SessionID: 6j6iivhlmu9d2p854bt6ltit36 =\= Route requested(success):  	/Vibius/test | Route => function has been called. =\= Debugger: unserialize(): Error at offset 0 of 76 bytes, /var/www/Vibius/Core/Storager/Storage.php at line 120

16:49:57 | SessionID: 6j6iivhlmu9d2p854bt6ltit36 =\= Route requested(success):  	/Vibius/test | Route => function has been called. =\= Debugger: unserialize(): Error at offset 0 of 76 bytes, /var/www/Vibius/Core/Storager/Storage.php at line 120

16:49:58 | SessionID: 6j6iivhlmu9d2p854bt6ltit36 =\= Route requested(success):  	/Vibius/test | Route => function has been called. =\= Debugger: unserialize(): Error at offset 0 of 76 bytes, /var/www/Vibius/Core/Storager/Storage.php at line 120

16:50:07 | SessionID: 6j6iivhlmu9d2p854bt6ltit36 =\= Route requested(success):  	/Vibius/test | Route => function has been called.

16:50:08 | SessionID: 6j6iivhlmu9d2p854bt6ltit36 =\= Route requested(success):  	/Vibius/test | Route => function has been called.

16:50:08 | SessionID: 6j6iivhlmu9d2p854bt6ltit36 =\= Route requested(success):  	/Vibius/test | Route => function has been called.

16:50:08 | SessionID: 6j6iivhlmu9d2p854bt6ltit36 =\= Route requested(success):  	/Vibius/test | Route => function has been called.

16:50:08 | SessionID: 6j6iivhlmu9d2p854bt6ltit36 =\= Route requested(success):  	/Vibius/test | Route => function has been called.

16:50:09 | SessionID: 6j6iivhlmu9d2p854bt6ltit36 =\= Route requested(success):  	/Vibius/test | Route => function has been called.

16:50:09 | SessionID: 6j6iivhlmu9d2p854bt6ltit36 =\= Route requested(success):  	/Vibius/test | Route => function has been called.

16:50:45 | SessionID: 6j6iivhlmu9d2p854bt6ltit36 =\= Route requested(success):  	/Vibius/test | Route => function has been called.

16:50:59 | SessionID: 6j6iivhlmu9d2p854bt6ltit36 =\= Route requested(success):  	/Vibius/test | Route => function has been called.

16:51:38 | SessionID: 6j6iivhlmu9d2p854bt6ltit36 =\= Route requested(success):  	/Vibius/test | Route => function has been called.

16:51:38 | SessionID: 6j6iivhlmu9d2p854bt6ltit36 =\= Route requested(success):  	/Vibius/test | Route => function has been called.

16:51:39 | SessionID: 6j6iivhlmu9d2p854bt6ltit36 =\= Route requested(success):  	/Vibius/test | Route => function has been called.

16:51:39 | SessionID: 6j6iivhlmu9d2p854bt6ltit36 =\= Route requested(success):  	/Vibius/test | Route => function has been called.

16:51:48 | SessionID: 6j6iivhlmu9d2p854bt6ltit36 =\= Route requested(success):  	/Vibius/test | Route => function has been called.

16:51:48 | SessionID: 6j6iivhlmu9d2p854bt6ltit36 =\= Route requested(success):  	/Vibius/test | Route => function has been called.

16:52:04 | SessionID: 6j6iivhlmu9d2p854bt6ltit36 =\= Route requested(success):  	/Vibius/test | Route => function has been called.

16:52:28 | SessionID: 6j6iivhlmu9d2p854bt6ltit36 =\= Route requested(success):  	/Vibius/test | Route => function has been called.

16:52:29 | SessionID: 6j6iivhlmu9d2p854bt6ltit36 =\= Route requested(success):  	/Vibius/test | Route => function has been called.

16:52:29 | SessionID: 6j6iivhlmu9d2p854bt6ltit36 =\= Route requested(success):  	/Vibius/test | Route => function has been called.

16:52:30 | SessionID: 6j6iivhlmu9d2p854bt6ltit36 =\= Route requested(success):  	/Vibius/test | Route => function has been called.

16:52:34 | SessionID: 6j6iivhlmu9d2p854bt6ltit36 =\= Route requested(success):  	/Vibius/test | Route => function has been called.

16:52:42 | SessionID: 6j6iivhlmu9d2p854bt6ltit36 =\= Route requested(success):  	/Vibius/test | Route => function has been called.

16:54:06 | SessionID: 6j6iivhlmu9d2p854bt6ltit36 =\= Route requested(success):  	/Vibius/test | Route => function has been called.

16:54:07 | SessionID: 6j6iivhlmu9d2p854bt6ltit36 =\= Route requested(success):  	/Vibius/test | Route => function has been called.

16:54:07 | SessionID: 6j6iivhlmu9d2p854bt6ltit36 =\= Route requested(success):  	/Vibius/test | Route => function has been called.

16:54:08 | SessionID: 6j6iivhlmu9d2p854bt6ltit36 =\= Route requested(success):  	/Vibius/test | Route => function has been called.

16:54:08 | SessionID: 6j6iivhlmu9d2p854bt6ltit36 =\= Route requested(success):  	/Vibius/test | Route => function has been called.

16:54:08 | SessionID: 6j6iivhlmu9d2p854bt6ltit36 =\= Route requested(success):  	/Vibius/test | Route => function has been called.

16:54:08 | SessionID: 6j6iivhlmu9d2p854bt6ltit36 =\= Route requested(success):  	/Vibius/test | Route => function has been called.

16:54:08 | SessionID: 6j6iivhlmu9d2p854bt6ltit36 =\= Route requested(success):  	/Vibius/test | Route => function has been called.

16:54:09 | SessionID: 6j6iivhlmu9d2p854bt6ltit36 =\= Route requested(success):  	/Vibius/test | Route => function has been called.

16:54:09 | SessionID: 6j6iivhlmu9d2p854bt6ltit36 =\= Route requested(success):  	/Vibius/test | Route => function has been called.

16:57:36 | SessionID: 6j6iivhlmu9d2p854bt6ltit36 =\= Route requested(failure):  	/Vibius/test | No route found =\= Debugger: No route was found!, /var/www/Vibius/Core/Router/Router.php at line 139

16:57:43 | SessionID: 6j6iivhlmu9d2p854bt6ltit36 =\= Route requested(success):  	/Vibius/localStorage | Route => function has been called.

16:59:01 | SessionID: 6j6iivhlmu9d2p854bt6ltit36 =\= Route requested(success):  	/Vibius/localStorage | Route => function has been called.

16:59:06 | SessionID: 6j6iivhlmu9d2p854bt6ltit36 =\= Route requested(success):  	/Vibius/localStorage | Route => function has been called.

17:00:21 | SessionID: 6j6iivhlmu9d2p854bt6ltit36 =\= Route requested(success):  	/Vibius/localStorage | Route => function has been called. =\= Debugger: Undefined variable: data, /var/www/Vibius/Core/Storager/Storage.php at line 154

17:01:12 | SessionID: 6j6iivhlmu9d2p854bt6ltit36 =\= Route requested(success):  	/Vibius/localStorage | Route => function has been called.

17:01:28 | SessionID: 6j6iivhlmu9d2p854bt6ltit36 =\= Route requested(success):  	/Vibius/localStorage | Route => function has been called.

17:01:28 | SessionID: 6j6iivhlmu9d2p854bt6ltit36 =\= Route requested(success):  	/Vibius/localStorage | Route => function has been called.

17:01:48 | SessionID: 6j6iivhlmu9d2p854bt6ltit36 =\= Route requested(success):  	/Vibius/localStorage | Route => function has been called.

17:01:48 | SessionID: 6j6iivhlmu9d2p854bt6ltit36 =\= Route requested(success):  	/Vibius/localStorage | Route => function has been called.

17:01:49 | SessionID: 6j6iivhlmu9d2p854bt6ltit36 =\= Route requested(success):  	/Vibius/localStorage | Route => function has been called.

17:08:59 | SessionID: 6j6iivhlmu9d2p854bt6ltit36 =\= Route requested(success):  	/Vibius/localStorage | Route => function has been called.

17:09:34 | SessionID: 6j6iivhlmu9d2p854bt6ltit36 =\= Route requested(success):  	/Vibius/localStorage | Route => function has been called.
