
12:23:56 | IP: 127.0.0.1 | SessionID: 1ipqctg526q08lpglfvk83mgd2 =\= Route requested(success):  	/Vibius/ | Route => function has been called. =\= he

12:24:30 | SessionID: 1ipqctg526q08lpglfvk83mgd2 =\= Route requested(success):  	/Vibius/ | Route => function has been called. =\= he

12:24:38 | SessionID: 1ipqctg526q08lpglfvk83mgd2 =\= Route requested(success):  	/Vibius/ | Route => function has been called. =\= he

12:24:38 | SessionID: 1ipqctg526q08lpglfvk83mgd2 =\= Route requested(success):  	/Vibius/ | Route => function has been called. =\= he

12:24:44 | SessionID: 1ipqctg526q08lpglfvk83mgd2 =\= Route requested(failure):  	/Vibius/dsfdsffds | No route found =\= Debugger: No route was found!, /var/www/Vibius/Core/Router/Router.php at line 135

12:25:15 | SessionID: 1ipqctg526q08lpglfvk83mgd2 =\= Route requested(failure):  	/Vibius/dsfdsffds | No route found =\= Debugger: No route was found!, /var/www/Vibius/Core/Router/Router.php at line 135

12:25:20 | SessionID: 1ipqctg526q08lpglfvk83mgd2 =\= Route requested(failure):  	/Vibius/dsfdsffds | No route found =\= Debugger: No route was found!, /var/www/Vibius/Core/Router/Router.php at line 135

12:25:21 | SessionID: 1ipqctg526q08lpglfvk83mgd2 =\= Route requested(failure):  	/Vibius/dsfdsffds | No route found =\= Debugger: No route was found!, /var/www/Vibius/Core/Router/Router.php at line 135

12:25:23 | SessionID: 1ipqctg526q08lpglfvk83mgd2 =\= Route requested(success):  	/Vibius/ | Route => function has been called. =\= he =\= Debugger: Undefined variable: name, /var/www/Vibius/Core/Cache/Cache.php at line 96

12:25:35 | SessionID: 1ipqctg526q08lpglfvk83mgd2 =\= Route requested(success):  	/Vibius/ | Route => function has been called. =\= he

12:26:30 | SessionID: 1ipqctg526q08lpglfvk83mgd2 =\= Route requested(success):  	/Vibius/ | Route => function has been called.

12:40:03 | SessionID: 1ipqctg526q08lpglfvk83mgd2 =\= Route requested(success):  	/Vibius/ | Route => function has been called.

12:40:12 | SessionID: 1ipqctg526q08lpglfvk83mgd2 =\= Route requested(failure):  	/Vibius/affasasf | No route found =\= Debugger: No route was found!, /var/www/Vibius/Core/Router/Router.php at line 135

12:40:21 | SessionID: 1ipqctg526q08lpglfvk83mgd2 =\= Route requested(success):  	/Vibius/ | Route => function has been called.

13:42:01 | SessionID: 1ipqctg526q08lpglfvk83mgd2 =\= Route requested(success):  	/Vibius/ | Route => function has been called.

14:10:30 | SessionID: 1ipqctg526q08lpglfvk83mgd2 =\= Route requested(success):  	/Vibius/ | Route => function has been called.

14:10:32 | SessionID: 1ipqctg526q08lpglfvk83mgd2 =\= Route requested(success):  	/Vibius/ | Route => function has been called.

14:10:36 | SessionID: 1ipqctg526q08lpglfvk83mgd2 =\= Route requested(success):  	/Vibius/ | Route => function has been called.

14:10:37 | SessionID: 1ipqctg526q08lpglfvk83mgd2 =\= Route requested(success):  	/Vibius/ | Route => function has been called.

14:10:37 | SessionID: 1ipqctg526q08lpglfvk83mgd2 =\= Route requested(success):  	/Vibius/ | Route => function has been called.

14:10:37 | SessionID: 1ipqctg526q08lpglfvk83mgd2 =\= Route requested(success):  	/Vibius/ | Route => function has been called.

14:10:37 | SessionID: 1ipqctg526q08lpglfvk83mgd2 =\= Route requested(success):  	/Vibius/ | Route => function has been called.

14:19:11 | SessionID: 1ipqctg526q08lpglfvk83mgd2 =\= Route requested(success):  	/Vibius/ | Route => function has been called.

14:19:15 | SessionID: 1ipqctg526q08lpglfvk83mgd2 =\= Route requested(success):  	/Vibius/ | Route => function has been called.

14:19:15 | SessionID: 1ipqctg526q08lpglfvk83mgd2 =\= Route requested(success):  	/Vibius/ | Route => function has been called.

14:19:15 | SessionID: 1ipqctg526q08lpglfvk83mgd2 =\= Route requested(success):  	/Vibius/ | Route => function has been called.

20:41:41 | SessionID: 7f79vaeeilu7linmt5anfq44d5 =\= Route requested(success):  	/Vibius/ | Route => function has been called.
